Using pre-set license
Built from '2021.3/staging' branch; Version is '2021.3.15f1 (e8e88683f834) revision 15263878'; Using compiler version '192829333'; Build Type 'Release'
OS: 'Windows 11  (10.0.22621) 64bit Core' Language: 'en' Physical Memory: 16067 MB
BatchMode: 1, IsHumanControllingUs: 0, StartBugReporterOnCrash: 0, Is64bit: 1, IsPro: 1

COMMAND LINE ARGUMENTS:
C:\Program Files\Unity\Hub\Editor\2021.3.15f1\Editor\Unity.exe
-adb2
-batchMode
-noUpm
-name
AssetImportWorker4
-projectPath
C:/Users/pmiln/Capstone/CapstoneFrozenFrenzy/FrozenFrenzy/Assets
-logFile
Logs/AssetImportWorker4.log
-srvPort
54794
Successfully changed project path to: C:/Users/pmiln/Capstone/CapstoneFrozenFrenzy/FrozenFrenzy/Assets
C:/Users/pmiln/Capstone/CapstoneFrozenFrenzy/FrozenFrenzy/Assets
[UnityMemory] Configuration Parameters - Can be set up in boot.config
    "memorysetup-bucket-allocator-granularity=16"
    "memorysetup-bucket-allocator-bucket-count=8"
    "memorysetup-bucket-allocator-block-size=33554432"
    "memorysetup-bucket-allocator-block-count=8"
    "memorysetup-main-allocator-block-size=16777216"
    "memorysetup-thread-allocator-block-size=16777216"
    "memorysetup-gfx-main-allocator-block-size=16777216"
    "memorysetup-gfx-thread-allocator-block-size=16777216"
    "memorysetup-cache-allocator-block-size=4194304"
    "memorysetup-typetree-allocator-block-size=2097152"
    "memorysetup-profiler-bucket-allocator-granularity=16"
    "memorysetup-profiler-bucket-allocator-bucket-count=8"
    "memorysetup-profiler-bucket-allocator-block-size=33554432"
    "memorysetup-profiler-bucket-allocator-block-count=8"
    "memorysetup-profiler-allocator-block-size=16777216"
    "memorysetup-profiler-editor-allocator-block-size=1048576"
    "memorysetup-temp-allocator-size-main=16777216"
    "memorysetup-job-temp-allocator-block-size=2097152"
    "memorysetup-job-temp-allocator-block-size-background=1048576"
    "memorysetup-job-temp-allocator-reduction-small-platforms=262144"
    "memorysetup-temp-allocator-size-background-worker=32768"
    "memorysetup-temp-allocator-size-job-worker=262144"
    "memorysetup-temp-allocator-size-preload-manager=33554432"
    "memorysetup-temp-allocator-size-nav-mesh-worker=65536"
    "memorysetup-temp-allocator-size-audio-worker=65536"
    "memorysetup-temp-allocator-size-cloud-worker=32768"
    "memorysetup-temp-allocator-size-gi-baking-worker=262144"
    "memorysetup-temp-allocator-size-gfx=262144"
Player connection [10884] Host "[IP] 172.16.42.252 [Port] 0 [Flags] 2 [Guid] 3999593126 [EditorId] 3999593126 [Version] 1048832 [Id] WindowsEditor(7,OptimusPC) [Debug] 1 [PackageName] WindowsEditor [ProjectName] Editor" joined multi-casting on [225.0.0.222:54997]...

Player connection [10884] Host "[IP] 172.16.42.252 [Port] 0 [Flags] 2 [Guid] 3999593126 [EditorId] 3999593126 [Version] 1048832 [Id] WindowsEditor(7,OptimusPC) [Debug] 1 [PackageName] WindowsEditor [ProjectName] Editor" joined alternative multi-casting on [225.0.0.222:34997]...

Refreshing native plugins compatible for Editor in 135.94 ms, found 3 plugins.
Preloading 0 native plugins for Editor in 0.00 ms.
Initialize engine version: 2021.3.15f1 (e8e88683f834)
[Subsystems] Discovering subsystems at path C:/Program Files/Unity/Hub/Editor/2021.3.15f1/Editor/Data/Resources/UnitySubsystems
[Subsystems] Discovering subsystems at path C:/Users/pmiln/Capstone/CapstoneFrozenFrenzy/FrozenFrenzy/Assets/Assets
GfxDevice: creating device client; threaded=0; jobified=0
Direct3D:
    Version:  Direct3D 11.0 [level 11.1]
    Renderer: NVIDIA GeForce RTX 3070 Ti Laptop GPU (ID=0x24a0)
    Vendor:   NVIDIA
    VRAM:     8032 MB
    Driver:   31.0.15.3734
Initialize mono
Mono path[0] = 'C:/Program Files/Unity/Hub/Editor/2021.3.15f1/Editor/Data/Managed'
Mono path[1] = 'C:/Program Files/Unity/Hub/Editor/2021.3.15f1/Editor/Data/MonoBleedingEdge/lib/mono/unityjit-win32'
Mono config path = 'C:/Program Files/Unity/Hub/Editor/2021.3.15f1/Editor/Data/MonoBleedingEdge/etc'
Using monoOptions --debugger-agent=transport=dt_socket,embedding=1,server=y,suspend=n,address=127.0.0.1:56616
Begin MonoManager ReloadAssembly
Registering precompiled unity dll's ...
Register platform support module: C:/Program Files/Unity/Hub/Editor/2021.3.15f1/Editor/Data/PlaybackEngines/AndroidPlayer/UnityEditor.Android.Extensions.dll
Register platform support module: C:/Program Files/Unity/Hub/Editor/2021.3.15f1/Editor/Data/PlaybackEngines/WindowsStandaloneSupport/UnityEditor.WindowsStandalone.Extensions.dll
Registered in 0.012611 seconds.
Native extension for WindowsStandalone target not found
Native extension for Android target not found
Refreshing native plugins compatible for Editor in 151.04 ms, found 3 plugins.
Preloading 0 native plugins for Editor in 0.00 ms.
Mono: successfully reloaded assembly
- Completed reload, in  1.027 seconds
Domain Reload Profiling:
	ReloadAssembly (1027ms)
		BeginReloadAssembly (109ms)
			ExecutionOrderSort (0ms)
			DisableScriptedObjects (0ms)
			BackupInstance (0ms)
			ReleaseScriptingObjects (0ms)
			CreateAndSetChildDomain (1ms)
		EndReloadAssembly (741ms)
			LoadAssemblies (108ms)
			RebuildTransferFunctionScriptingTraits (0ms)
			SetupTypeCache (148ms)
			ReleaseScriptCaches (0ms)
			RebuildScriptCaches (39ms)
			SetupLoadedEditorAssemblies (471ms)
				LogAssemblyErrors (0ms)
				InitializePlatformSupportModulesInManaged (91ms)
				SetLoadedEditorAssemblies (0ms)
				RefreshPlugins (151ms)
				BeforeProcessingInitializeOnLoad (2ms)
				ProcessInitializeOnLoadAttributes (147ms)
				ProcessInitializeOnLoadMethodAttributes (79ms)
				AfterProcessingInitializeOnLoad (0ms)
				EditorAssembliesLoaded (0ms)
			ExecutionOrderSort2 (0ms)
			AwakeInstancesAfterBackupRestoration (0ms)
Platform modules already initialized, skipping
Registering precompiled user dll's ...
Registered in 0.009028 seconds.
Begin MonoManager ReloadAssembly
Symbol file LoadedFromMemory doesn't match image C:\Users\pmiln\Capstone\CapstoneFrozenFrenzy\FrozenFrenzy\Assets\Library\PackageCache\com.unity.visualscripting@1.7.8\Editor\VisualScripting.Core\Dependencies\YamlDotNet\Unity.VisualScripting.YamlDotNet.dll
Symbol file LoadedFromMemory doesn't match image C:\Users\pmiln\Capstone\CapstoneFrozenFrenzy\FrozenFrenzy\Assets\Library\PackageCache\com.unity.visualscripting@1.7.8\Editor\VisualScripting.Core\Dependencies\DotNetZip\Unity.VisualScripting.IonicZip.dll
Native extension for WindowsStandalone target not found
Native extension for Android target not found
Refreshing native plugins compatible for Editor in 106.04 ms, found 3 plugins.
Preloading 0 native plugins for Editor in 0.00 ms.
Mono: successfully reloaded assembly
- Completed reload, in  1.542 seconds
Domain Reload Profiling:
	ReloadAssembly (1543ms)
		BeginReloadAssembly (305ms)
			ExecutionOrderSort (0ms)
			DisableScriptedObjects (13ms)
			BackupInstance (0ms)
			ReleaseScriptingObjects (0ms)
			CreateAndSetChildDomain (136ms)
		EndReloadAssembly (1073ms)
			LoadAssemblies (130ms)
			RebuildTransferFunctionScriptingTraits (0ms)
			SetupTypeCache (349ms)
			ReleaseScriptCaches (0ms)
			RebuildScriptCaches (48ms)
			SetupLoadedEditorAssemblies (538ms)
				LogAssemblyErrors (0ms)
				InitializePlatformSupportModulesInManaged (12ms)
				SetLoadedEditorAssemblies (0ms)
				RefreshPlugins (106ms)
				BeforeProcessingInitializeOnLoad (110ms)
				ProcessInitializeOnLoadAttributes (226ms)
				ProcessInitializeOnLoadMethodAttributes (79ms)
				AfterProcessingInitializeOnLoad (6ms)
				EditorAssembliesLoaded (0ms)
			ExecutionOrderSort2 (0ms)
			AwakeInstancesAfterBackupRestoration (7ms)
Platform modules already initialized, skipping
========================================================================
Worker process is ready to serve import requests
Launched and connected shader compiler UnityShaderCompiler.exe after 0.11 seconds
Refreshing native plugins compatible for Editor in 0.74 ms, found 3 plugins.
Preloading 0 native plugins for Editor in 0.00 ms.
Unloading 4194 Unused Serialized files (Serialized files now loaded: 0)
Unloading 26 unused Assets / (343.9 KB). Loaded Objects now: 4654.
Memory consumption went from 143.0 MB to 142.7 MB.
Total: 4.520900 ms (FindLiveObjects: 0.316200 ms CreateObjectMapping: 0.193600 ms MarkObjects: 3.877200 ms  DeleteObjects: 0.132600 ms)

AssetImportParameters requested are different than current active one (requested -> active):
  custom:video-decoder-ogg-theora: a1e56fd34408186e4bbccfd4996cb3dc -> 
  custom:container-muxer-webm: aa71ff27fc2769a1b78a27578f13a17b -> 
  custom:container-demuxer-webm: 4f35f7cbe854078d1ac9338744f61a02 -> 
  custom:video-encoder-webm-vp8: eb34c28f22e8b96e1ab97ce403110664 -> 
  custom:video-codec-MediaFoundation-h265: 746d11721c4dcdbdad8f713fa42b33f4 -> 
  custom:audio-encoder-webm-vorbis: bf7c407c2cedff20999df2af8eb42d56 -> 
  custom:framework-win-MediaFoundation: 216162199b28c13a410421893ffa2e32 -> 
  custom:container-demuxer-ogg: 62fdf1f143b41e24485cea50d1cbac27 -> 
  custom:video-decoder-webm-vp8: 9c59270c3fd7afecdb556c50c9e8de78 -> 
  custom:audio-decoder-ogg-vorbis: bf7c407c2cedff20999df2af8eb42d56 -> 
========================================================================
Received Prepare
Registering precompiled user dll's ...
Registered in 0.006302 seconds.
Begin MonoManager ReloadAssembly
Symbol file LoadedFromMemory doesn't match image C:\Users\pmiln\Capstone\CapstoneFrozenFrenzy\FrozenFrenzy\Assets\Library\PackageCache\com.unity.visualscripting@1.7.8\Editor\VisualScripting.Core\Dependencies\YamlDotNet\Unity.VisualScripting.YamlDotNet.dll
Symbol file LoadedFromMemory doesn't match image C:\Users\pmiln\Capstone\CapstoneFrozenFrenzy\FrozenFrenzy\Assets\Library\PackageCache\com.unity.visualscripting@1.7.8\Editor\VisualScripting.Core\Dependencies\DotNetZip\Unity.VisualScripting.IonicZip.dll
Native extension for WindowsStandalone target not found
Native extension for Android target not found
Refreshing native plugins compatible for Editor in 0.72 ms, found 3 plugins.
Preloading 0 native plugins for Editor in 0.00 ms.
Mono: successfully reloaded assembly
- Completed reload, in  1.579 seconds
Domain Reload Profiling:
	ReloadAssembly (1580ms)
		BeginReloadAssembly (159ms)
			ExecutionOrderSort (0ms)
			DisableScriptedObjects (6ms)
			BackupInstance (0ms)
			ReleaseScriptingObjects (0ms)
			CreateAndSetChildDomain (46ms)
		EndReloadAssembly (1291ms)
			LoadAssemblies (112ms)
			RebuildTransferFunctionScriptingTraits (0ms)
			SetupTypeCache (411ms)
			ReleaseScriptCaches (2ms)
			RebuildScriptCaches (74ms)
			SetupLoadedEditorAssemblies (622ms)
				LogAssemblyErrors (0ms)
				InitializePlatformSupportModulesInManaged (28ms)
				SetLoadedEditorAssemblies (1ms)
				RefreshPlugins (1ms)
				BeforeProcessingInitializeOnLoad (105ms)
				ProcessInitializeOnLoadAttributes (369ms)
				ProcessInitializeOnLoadMethodAttributes (112ms)
				AfterProcessingInitializeOnLoad (7ms)
				EditorAssembliesLoaded (0ms)
			ExecutionOrderSort2 (0ms)
			AwakeInstancesAfterBackupRestoration (8ms)
Platform modules already initialized, skipping
Refreshing native plugins compatible for Editor in 2.38 ms, found 3 plugins.
Preloading 0 native plugins for Editor in 0.00 ms.
Unloading 4178 Unused Serialized files (Serialized files now loaded: 0)
Unloading 19 unused Assets / (309.8 KB). Loaded Objects now: 4657.
Memory consumption went from 142.2 MB to 141.8 MB.
Total: 3.898600 ms (FindLiveObjects: 0.259700 ms CreateObjectMapping: 0.131200 ms MarkObjects: 3.441700 ms  DeleteObjects: 0.064500 ms)

AssetImportParameters requested are different than current active one (requested -> active):
  custom:video-decoder-ogg-theora: a1e56fd34408186e4bbccfd4996cb3dc -> 
  custom:container-muxer-webm: aa71ff27fc2769a1b78a27578f13a17b -> 
  custom:container-demuxer-webm: 4f35f7cbe854078d1ac9338744f61a02 -> 
  custom:video-encoder-webm-vp8: eb34c28f22e8b96e1ab97ce403110664 -> 
  custom:video-codec-MediaFoundation-h265: 746d11721c4dcdbdad8f713fa42b33f4 -> 
  custom:audio-encoder-webm-vorbis: bf7c407c2cedff20999df2af8eb42d56 -> 
  custom:framework-win-MediaFoundation: 216162199b28c13a410421893ffa2e32 -> 
  custom:container-demuxer-ogg: 62fdf1f143b41e24485cea50d1cbac27 -> 
  custom:video-decoder-webm-vp8: 9c59270c3fd7afecdb556c50c9e8de78 -> 
  custom:audio-decoder-ogg-vorbis: bf7c407c2cedff20999df2af8eb42d56 -> 
========================================================================
Received Prepare
Registering precompiled user dll's ...
Registered in 0.006168 seconds.
Begin MonoManager ReloadAssembly
Symbol file LoadedFromMemory doesn't match image C:\Users\pmiln\Capstone\CapstoneFrozenFrenzy\FrozenFrenzy\Assets\Library\PackageCache\com.unity.visualscripting@1.7.8\Editor\VisualScripting.Core\Dependencies\YamlDotNet\Unity.VisualScripting.YamlDotNet.dll
Symbol file LoadedFromMemory doesn't match image C:\Users\pmiln\Capstone\CapstoneFrozenFrenzy\FrozenFrenzy\Assets\Library\PackageCache\com.unity.visualscripting@1.7.8\Editor\VisualScripting.Core\Dependencies\DotNetZip\Unity.VisualScripting.IonicZip.dll
Native extension for WindowsStandalone target not found
Native extension for Android target not found
Refreshing native plugins compatible for Editor in 0.89 ms, found 3 plugins.
Preloading 0 native plugins for Editor in 0.00 ms.
Mono: successfully reloaded assembly
- Completed reload, in  1.953 seconds
Domain Reload Profiling:
	ReloadAssembly (1955ms)
		BeginReloadAssembly (170ms)
			ExecutionOrderSort (0ms)
			DisableScriptedObjects (8ms)
			BackupInstance (0ms)
			ReleaseScriptingObjects (0ms)
			CreateAndSetChildDomain (42ms)
		EndReloadAssembly (1614ms)
			LoadAssemblies (141ms)
			RebuildTransferFunctionScriptingTraits (0ms)
			SetupTypeCache (465ms)
			ReleaseScriptCaches (3ms)
			RebuildScriptCaches (94ms)
			SetupLoadedEditorAssemblies (806ms)
				LogAssemblyErrors (0ms)
				InitializePlatformSupportModulesInManaged (44ms)
				SetLoadedEditorAssemblies (1ms)
				RefreshPlugins (1ms)
				BeforeProcessingInitializeOnLoad (153ms)
				ProcessInitializeOnLoadAttributes (429ms)
				ProcessInitializeOnLoadMethodAttributes (164ms)
				AfterProcessingInitializeOnLoad (13ms)
				EditorAssembliesLoaded (0ms)
			ExecutionOrderSort2 (0ms)
			AwakeInstancesAfterBackupRestoration (17ms)
Platform modules already initialized, skipping
Refreshing native plugins compatible for Editor in 5.01 ms, found 3 plugins.
Preloading 0 native plugins for Editor in 0.00 ms.
Unloading 4178 Unused Serialized files (Serialized files now loaded: 0)
Unloading 19 unused Assets / (309.8 KB). Loaded Objects now: 4660.
Memory consumption went from 142.2 MB to 141.9 MB.
Total: 8.304500 ms (FindLiveObjects: 0.390400 ms CreateObjectMapping: 0.221500 ms MarkObjects: 7.611200 ms  DeleteObjects: 0.079500 ms)

AssetImportParameters requested are different than current active one (requested -> active):
  custom:video-decoder-ogg-theora: a1e56fd34408186e4bbccfd4996cb3dc -> 
  custom:container-muxer-webm: aa71ff27fc2769a1b78a27578f13a17b -> 
  custom:container-demuxer-webm: 4f35f7cbe854078d1ac9338744f61a02 -> 
  custom:video-encoder-webm-vp8: eb34c28f22e8b96e1ab97ce403110664 -> 
  custom:video-codec-MediaFoundation-h265: 746d11721c4dcdbdad8f713fa42b33f4 -> 
  custom:audio-encoder-webm-vorbis: bf7c407c2cedff20999df2af8eb42d56 -> 
  custom:framework-win-MediaFoundation: 216162199b28c13a410421893ffa2e32 -> 
  custom:container-demuxer-ogg: 62fdf1f143b41e24485cea50d1cbac27 -> 
  custom:video-decoder-webm-vp8: 9c59270c3fd7afecdb556c50c9e8de78 -> 
  custom:audio-decoder-ogg-vorbis: bf7c407c2cedff20999df2af8eb42d56 -> 
========================================================================
Received Import Request.
  Time since last request: 81206.685301 seconds.
  path: Assets/Sprites/Leaderboard/Grupo 200.controller
  artifactKey: Guid(8e207c39109c81f4ab47281f0bcdf03e) Importer(815301076,1909f56bfc062723c751e8b465ee728b)
Start importing Assets/Sprites/Leaderboard/Grupo 200.controller using Guid(8e207c39109c81f4ab47281f0bcdf03e) Importer(815301076,1909f56bfc062723c751e8b465ee728b)  -> (artifact id: 'ca8607580d9b8552f7be4adb02a1e4f1') in 0.732237 seconds 
========================================================================
Received Import Request.
  Time since last request: 0.000705 seconds.
  path: Assets/Sprites/LeaderBoard_AME/Grupo 228.png
  artifactKey: Guid(dc269cfa8e5996240841ec14f96f5a0b) Importer(815301076,1909f56bfc062723c751e8b465ee728b)
Start importing Assets/Sprites/LeaderBoard_AME/Grupo 228.png using Guid(dc269cfa8e5996240841ec14f96f5a0b) Importer(815301076,1909f56bfc062723c751e8b465ee728b)  -> (artifact id: 'ee3c3abd1cdd7590c3a7276040b0f7c7') in 0.107091 seconds 
========================================================================
Received Import Request.
  Time since last request: 0.054216 seconds.
  path: Assets/Sprites/LeaderBoard_AME/Grupo 232.png
  artifactKey: Guid(0a8df6973e574da42bbab79a90ac55ea) Importer(815301076,1909f56bfc062723c751e8b465ee728b)
Start importing Assets/Sprites/LeaderBoard_AME/Grupo 232.png using Guid(0a8df6973e574da42bbab79a90ac55ea) Importer(815301076,1909f56bfc062723c751e8b465ee728b)  -> (artifact id: '22bc1d282904e56ff9d954cd885a941a') in 0.050129 seconds 
========================================================================
Received Import Request.
  Time since last request: 0.016850 seconds.
  path: Assets/Sprites/LeaderBoard_AME/Grupo 211.png
  artifactKey: Guid(57d3998e07c3dbe4483a0b2dd4f18788) Importer(815301076,1909f56bfc062723c751e8b465ee728b)
Start importing Assets/Sprites/LeaderBoard_AME/Grupo 211.png using Guid(57d3998e07c3dbe4483a0b2dd4f18788) Importer(815301076,1909f56bfc062723c751e8b465ee728b)  -> (artifact id: '9ab906af42c229ab0b086f5f8f9ff294') in 0.042742 seconds 
========================================================================
Received Import Request.
  Time since last request: 0.008602 seconds.
  path: Assets/Sprites/LeaderBoard_AME/Grupo 239.png
  artifactKey: Guid(b0e3d411308a30e4b9512fed91587008) Importer(815301076,1909f56bfc062723c751e8b465ee728b)
Start importing Assets/Sprites/LeaderBoard_AME/Grupo 239.png using Guid(b0e3d411308a30e4b9512fed91587008) Importer(815301076,1909f56bfc062723c751e8b465ee728b)  -> (artifact id: 'c64c9695ff2a6e246ca61c7eb597504b') in 0.043568 seconds 
========================================================================
Received Import Request.
  Time since last request: 0.005993 seconds.
  path: Assets/Sprites/LeaderBoardBG
  artifactKey: Guid(0c8cd04c30568ca45bb4e407e83eceec) Importer(815301076,1909f56bfc062723c751e8b465ee728b)
Start importing Assets/Sprites/LeaderBoardBG using Guid(0c8cd04c30568ca45bb4e407e83eceec) Importer(815301076,1909f56bfc062723c751e8b465ee728b)  -> (artifact id: '823ac98b2e870dafdf60f7899ec05c01') in 0.001246 seconds 
========================================================================
Received Import Request.
  Time since last request: 0.008104 seconds.
  path: Assets/Sprites/LeaderBoard_AME/Grupo 217.png
  artifactKey: Guid(9d6791bdc2225d646b2ed06567d6f1d7) Importer(815301076,1909f56bfc062723c751e8b465ee728b)
Start importing Assets/Sprites/LeaderBoard_AME/Grupo 217.png using Guid(9d6791bdc2225d646b2ed06567d6f1d7) Importer(815301076,1909f56bfc062723c751e8b465ee728b)  -> (artifact id: '1b6ab12a2302fc4e29265f17e7229fa0') in 0.042950 seconds 
========================================================================
Received Import Request.
  Time since last request: 0.017771 seconds.
  path: Assets/Sprites/LeaderBoard_AME/Grupo 225.png
  artifactKey: Guid(fc311b733aa1f824a9f87f42c62d20a2) Importer(815301076,1909f56bfc062723c751e8b465ee728b)
Start importing Assets/Sprites/LeaderBoard_AME/Grupo 225.png using Guid(fc311b733aa1f824a9f87f42c62d20a2) Importer(815301076,1909f56bfc062723c751e8b465ee728b)  -> (artifact id: '188f5205bc6440f5996f3062ce3f9d02') in 0.044428 seconds 
========================================================================
Received Import Request.
  Time since last request: 0.000018 seconds.
  path: Assets/Sprites/LeaderBoard_AME/Grupo 215.png
  artifactKey: Guid(04caf9aeddac2174ca7acb275c34fbb3) Importer(815301076,1909f56bfc062723c751e8b465ee728b)
Start importing Assets/Sprites/LeaderBoard_AME/Grupo 215.png using Guid(04caf9aeddac2174ca7acb275c34fbb3) Importer(815301076,1909f56bfc062723c751e8b465ee728b)  -> (artifact id: '132130c234790b5ae48101014556781b') in 0.042898 seconds 
========================================================================
Received Import Request.
  Time since last request: 0.005857 seconds.
  path: Assets/Sprites/LeaderBoard_AME/Grupo 226.png
  artifactKey: Guid(3d58ff890cd327b478eeeefaa7c1fe1d) Importer(815301076,1909f56bfc062723c751e8b465ee728b)
Start importing Assets/Sprites/LeaderBoard_AME/Grupo 226.png using Guid(3d58ff890cd327b478eeeefaa7c1fe1d) Importer(815301076,1909f56bfc062723c751e8b465ee728b)  -> (artifact id: '339942da0541ec94d37e7b665c6b22ae') in 0.043370 seconds 
========================================================================
Received Import Request.
  Time since last request: 0.008903 seconds.
  path: Assets/Sprites/Leaderboard/LeaderBoardBG00.controller
  artifactKey: Guid(52c3ca246e1f95348919fc8b571dcc0b) Importer(815301076,1909f56bfc062723c751e8b465ee728b)
Start importing Assets/Sprites/Leaderboard/LeaderBoardBG00.controller using Guid(52c3ca246e1f95348919fc8b571dcc0b) Importer(815301076,1909f56bfc062723c751e8b465ee728b)  -> (artifact id: 'cc0412866616b15c4ec640ef600a12ba') in 0.001972 seconds 
========================================================================
Received Import Request.
  Time since last request: 0.000011 seconds.
  path: Assets/Sprites/LeaderBoard_AME/Grupo 202.png
  artifactKey: Guid(a47d4531f8ca92a4b90c7e8bded67d36) Importer(815301076,1909f56bfc062723c751e8b465ee728b)
Start importing Assets/Sprites/LeaderBoard_AME/Grupo 202.png using Guid(a47d4531f8ca92a4b90c7e8bded67d36) Importer(815301076,1909f56bfc062723c751e8b465ee728b)  -> (artifact id: 'd9452fda81056f254095686777fa4880') in 0.045584 seconds 
========================================================================
Received Import Request.
  Time since last request: 0.000643 seconds.
  path: Assets/Sprites/LeaderBoard_AME/Grupo 209.png
  artifactKey: Guid(0144119032e9fd84b972e95c00d8de2c) Importer(815301076,1909f56bfc062723c751e8b465ee728b)
Start importing Assets/Sprites/LeaderBoard_AME/Grupo 209.png using Guid(0144119032e9fd84b972e95c00d8de2c) Importer(815301076,1909f56bfc062723c751e8b465ee728b)  -> (artifact id: '02091205d777eada43002004e278c943') in 0.044367 seconds 
========================================================================
Received Import Request.
  Time since last request: 0.004819 seconds.
  path: Assets/Sprites/LeaderBoard_AME/Grupo 234.png
  artifactKey: Guid(b7d9a125838295d49b58277bd0cde09d) Importer(815301076,1909f56bfc062723c751e8b465ee728b)
Start importing Assets/Sprites/LeaderBoard_AME/Grupo 234.png using Guid(b7d9a125838295d49b58277bd0cde09d) Importer(815301076,1909f56bfc062723c751e8b465ee728b)  -> (artifact id: 'f6e193e2b372bf8487585675e1160cdf') in 0.043816 seconds 
========================================================================
Received Import Request.
  Time since last request: 0.000565 seconds.
  path: Assets/Sprites/LeaderBoard_AME/Grupo 213.png
  artifactKey: Guid(b8cedc79ec84f4e479fa220cfd5bb467) Importer(815301076,1909f56bfc062723c751e8b465ee728b)
Start importing Assets/Sprites/LeaderBoard_AME/Grupo 213.png using Guid(b8cedc79ec84f4e479fa220cfd5bb467) Importer(815301076,1909f56bfc062723c751e8b465ee728b)  -> (artifact id: '7ede7f33575909614241459d71ee7bea') in 0.043326 seconds 
========================================================================
Received Import Request.
  Time since last request: 0.002994 seconds.
  path: Assets/Sprites/LeaderBoard_AME/Grupo 224.png
  artifactKey: Guid(c61ec321b61f4f3408d022cc4dfaff86) Importer(815301076,1909f56bfc062723c751e8b465ee728b)
Start importing Assets/Sprites/LeaderBoard_AME/Grupo 224.png using Guid(c61ec321b61f4f3408d022cc4dfaff86) Importer(815301076,1909f56bfc062723c751e8b465ee728b)  -> (artifact id: '43e052d6e9c8b6a0d5459ae25b52b7ea') in 0.044094 seconds 
========================================================================
Received Import Request.
  Time since last request: 0.000125 seconds.
  path: Assets/Sprites/LeaderBoard_AME/Grupo 207.png
  artifactKey: Guid(da179fc01d406484b887cd55fccb79e7) Importer(815301076,1909f56bfc062723c751e8b465ee728b)
Start importing Assets/Sprites/LeaderBoard_AME/Grupo 207.png using Guid(da179fc01d406484b887cd55fccb79e7) Importer(815301076,1909f56bfc062723c751e8b465ee728b)  -> (artifact id: 'fdc4126eb42d1881e89b1cd4a465d343') in 0.048690 seconds 
========================================================================
Received Import Request.
  Time since last request: 0.000332 seconds.
  path: Assets/Sprites/Leaderboard/Animation - Leaderboard BG.anim
  artifactKey: Guid(d6285b4af0c494740a35a0d8b6cc2dd0) Importer(815301076,1909f56bfc062723c751e8b465ee728b)
Start importing Assets/Sprites/Leaderboard/Animation - Leaderboard BG.anim using Guid(d6285b4af0c494740a35a0d8b6cc2dd0) Importer(815301076,1909f56bfc062723c751e8b465ee728b)  -> (artifact id: '49ef418ccebb172f53d73365065f2eba') in 0.003858 seconds 
========================================================================
Received Import Request.
  Time since last request: 0.001191 seconds.
  path: Assets/Sprites/LeaderBoard_AME/Grupo 208.png
  artifactKey: Guid(c6afe6facc827514f992b74ddd29021d) Importer(815301076,1909f56bfc062723c751e8b465ee728b)
Start importing Assets/Sprites/LeaderBoard_AME/Grupo 208.png using Guid(c6afe6facc827514f992b74ddd29021d) Importer(815301076,1909f56bfc062723c751e8b465ee728b)  -> (artifact id: '924a96ac5071a0145d3864afe4f8b7bb') in 0.044698 seconds 
========================================================================
Received Import Request.
  Time since last request: 0.011668 seconds.
  path: Assets/Sprites/LeaderBoard_AME/Grupo 219.png
  artifactKey: Guid(c852598e10d60d84cadbab812c4fb071) Importer(815301076,1909f56bfc062723c751e8b465ee728b)
Start importing Assets/Sprites/LeaderBoard_AME/Grupo 219.png using Guid(c852598e10d60d84cadbab812c4fb071) Importer(815301076,1909f56bfc062723c751e8b465ee728b)  -> (artifact id: '2db491c8cc995ec44bc769de42e72dfd') in 0.052669 seconds 
========================================================================
Received Import Request.
  Time since last request: 0.000016 seconds.
  path: Assets/Sprites/LeaderBoard_AME/Grupo 237.png
  artifactKey: Guid(de29eacfbe37b244a9b0dcde41a9bde4) Importer(815301076,1909f56bfc062723c751e8b465ee728b)
Start importing Assets/Sprites/LeaderBoard_AME/Grupo 237.png using Guid(de29eacfbe37b244a9b0dcde41a9bde4) Importer(815301076,1909f56bfc062723c751e8b465ee728b)  -> (artifact id: '806a4bbfe8b1ef51809f0099c67ff688') in 0.042972 seconds 
========================================================================
Received Import Request.
  Time since last request: 0.005536 seconds.
  path: Assets/Sprites/LeaderBoard_AME/Grupo 233.png
  artifactKey: Guid(8d47d3c41f493e345809c44a3b781d65) Importer(815301076,1909f56bfc062723c751e8b465ee728b)
Start importing Assets/Sprites/LeaderBoard_AME/Grupo 233.png using Guid(8d47d3c41f493e345809c44a3b781d65) Importer(815301076,1909f56bfc062723c751e8b465ee728b)  -> (artifact id: '1e6dcf41325e53ebb75cf12e29c90981') in 0.041717 seconds 
========================================================================
Received Import Request.
  Time since last request: 0.003169 seconds.
  path: Assets/Sprites/LeaderBoard_AME/Grupo 231.png
  artifactKey: Guid(e22a75b266676cd4396e01f7cbdcb4ba) Importer(815301076,1909f56bfc062723c751e8b465ee728b)
Start importing Assets/Sprites/LeaderBoard_AME/Grupo 231.png using Guid(e22a75b266676cd4396e01f7cbdcb4ba) Importer(815301076,1909f56bfc062723c751e8b465ee728b)  -> (artifact id: 'fde6efb5c800e7a69ef747fa986ef009') in 0.043300 seconds 
========================================================================
Received Import Request.
  Time since last request: 0.001860 seconds.
  path: Assets/Sprites/Leaderboard
  artifactKey: Guid(e3a72651cabe079499bd30781a385a99) Importer(815301076,1909f56bfc062723c751e8b465ee728b)
Start importing Assets/Sprites/Leaderboard using Guid(e3a72651cabe079499bd30781a385a99) Importer(815301076,1909f56bfc062723c751e8b465ee728b)  -> (artifact id: 'd77f4f8edb81274f7e4c29d4c6024f81') in 0.001228 seconds 
========================================================================
Received Import Request.
  Time since last request: 0.000012 seconds.
  path: Assets/Sprites/LeaderBoard_AME/Grupo 203.png
  artifactKey: Guid(5e83460b1c391654c91f4d297aed4f12) Importer(815301076,1909f56bfc062723c751e8b465ee728b)
Start importing Assets/Sprites/LeaderBoard_AME/Grupo 203.png using Guid(5e83460b1c391654c91f4d297aed4f12) Importer(815301076,1909f56bfc062723c751e8b465ee728b)  -> (artifact id: '08bcd3d75ffbafc8d2b62297b9b6e31d') in 0.042892 seconds 
========================================================================
Received Import Request.
  Time since last request: 0.003181 seconds.
  path: Assets/Sprites/LeaderBoard_AME/Grupo 235.png
  artifactKey: Guid(1ef0c8e8055d9704aa57b43a474cf524) Importer(815301076,1909f56bfc062723c751e8b465ee728b)
Start importing Assets/Sprites/LeaderBoard_AME/Grupo 235.png using Guid(1ef0c8e8055d9704aa57b43a474cf524) Importer(815301076,1909f56bfc062723c751e8b465ee728b)  -> (artifact id: '0d46d8de1cc88a1eff3eccea8334de7f') in 0.041754 seconds 
========================================================================
Received Import Request.
  Time since last request: 0.003659 seconds.
  path: Assets/Sprites/LeaderBoard_AME/Grupo 205.png
  artifactKey: Guid(6ea589d0fecfcd543862d3995e8fb6bd) Importer(815301076,1909f56bfc062723c751e8b465ee728b)
Start importing Assets/Sprites/LeaderBoard_AME/Grupo 205.png using Guid(6ea589d0fecfcd543862d3995e8fb6bd) Importer(815301076,1909f56bfc062723c751e8b465ee728b)  -> (artifact id: '81ef24521e251844472bcaefbf8f6353') in 0.049666 seconds 
========================================================================
Received Import Request.
  Time since last request: 0.000987 seconds.
  path: Assets/Sprites/LeaderBoard_AME/Grupo 206.png
  artifactKey: Guid(92968c2fbab0d1741ad1ab7c0b2641da) Importer(815301076,1909f56bfc062723c751e8b465ee728b)
Start importing Assets/Sprites/LeaderBoard_AME/Grupo 206.png using Guid(92968c2fbab0d1741ad1ab7c0b2641da) Importer(815301076,1909f56bfc062723c751e8b465ee728b)  -> (artifact id: 'edf2f44f4851aa75478e869ee08397ed') in 0.041253 seconds 
========================================================================
Received Import Request.
  Time since last request: 0.004402 seconds.
  path: Assets/Sprites/LeaderBoard_AME/Grupo 222.png
  artifactKey: Guid(54915393c015e9e46b8226c06b597091) Importer(815301076,1909f56bfc062723c751e8b465ee728b)
Start importing Assets/Sprites/LeaderBoard_AME/Grupo 222.png using Guid(54915393c015e9e46b8226c06b597091) Importer(815301076,1909f56bfc062723c751e8b465ee728b)  -> (artifact id: 'b7f9ccb826530283e64dd892898b5a5d') in 0.047553 seconds 
========================================================================
Received Import Request.
  Time since last request: 0.003710 seconds.
  path: Assets/Sprites/LeaderBoard_AME/Grupo 221.png
  artifactKey: Guid(6c8d2e4c7a2106b4b80a49774c1069ea) Importer(815301076,1909f56bfc062723c751e8b465ee728b)
Start importing Assets/Sprites/LeaderBoard_AME/Grupo 221.png using Guid(6c8d2e4c7a2106b4b80a49774c1069ea) Importer(815301076,1909f56bfc062723c751e8b465ee728b)  -> (artifact id: '9f2ef8ef524f07182079094d4eac6a5e') in 0.043222 seconds 
========================================================================
Received Import Request.
  Time since last request: 0.005859 seconds.
  path: Assets/Sprites/LeaderBoard_AME/Grupo 229.png
  artifactKey: Guid(8219d7e155e5d664191b1a63144fc7fc) Importer(815301076,1909f56bfc062723c751e8b465ee728b)
Start importing Assets/Sprites/LeaderBoard_AME/Grupo 229.png using Guid(8219d7e155e5d664191b1a63144fc7fc) Importer(815301076,1909f56bfc062723c751e8b465ee728b)  -> (artifact id: '35a9a8a14cae69973efaebeec5f87b70') in 0.044905 seconds 
========================================================================
Received Import Request.
  Time since last request: 0.001134 seconds.
  path: Assets/Sprites/LeaderBoard_AME/Grupo 214.png
  artifactKey: Guid(14ca01473a274b14c8120441c04f10e2) Importer(815301076,1909f56bfc062723c751e8b465ee728b)
Start importing Assets/Sprites/LeaderBoard_AME/Grupo 214.png using Guid(14ca01473a274b14c8120441c04f10e2) Importer(815301076,1909f56bfc062723c751e8b465ee728b)  -> (artifact id: 'b441592b9254d4d094a2fff4f70b0702') in 0.044332 seconds 
========================================================================
Received Import Request.
  Time since last request: 0.005148 seconds.
  path: Assets/Sprites/Leaderboard/Animation - Leaderboard MAIN.anim
  artifactKey: Guid(0b669dc0be545e84f94e06dadfb74dc0) Importer(815301076,1909f56bfc062723c751e8b465ee728b)
Start importing Assets/Sprites/Leaderboard/Animation - Leaderboard MAIN.anim using Guid(0b669dc0be545e84f94e06dadfb74dc0) Importer(815301076,1909f56bfc062723c751e8b465ee728b)  -> (artifact id: '1164cdb4e8286723015b19aabf48b2cd') in 0.001758 seconds 
========================================================================
Received Import Request.
  Time since last request: 0.002810 seconds.
  path: Assets/Sprites/LeaderBoard_AME/Grupo 238.png
  artifactKey: Guid(739ecabeb4258e943a00f370460bcf8d) Importer(815301076,1909f56bfc062723c751e8b465ee728b)
Start importing Assets/Sprites/LeaderBoard_AME/Grupo 238.png using Guid(739ecabeb4258e943a00f370460bcf8d) Importer(815301076,1909f56bfc062723c751e8b465ee728b)  -> (artifact id: 'ce5d1d8c3cd7095340c1816418a6664f') in 0.053482 seconds 
========================================================================
Received Import Request.
  Time since last request: 0.002601 seconds.
  path: Assets/Sprites/LeaderBoard_AME/Grupo 204.png
  artifactKey: Guid(2661e8a2418089f4f897fb6fbc9936cc) Importer(815301076,1909f56bfc062723c751e8b465ee728b)
Start importing Assets/Sprites/LeaderBoard_AME/Grupo 204.png using Guid(2661e8a2418089f4f897fb6fbc9936cc) Importer(815301076,1909f56bfc062723c751e8b465ee728b)  -> (artifact id: 'c45c3612d6b6644e594066261c18ed72') in 0.041394 seconds 
========================================================================
Received Import Request.
  Time since last request: 0.004164 seconds.
  path: Assets/Sprites/LeaderBoard_AME/Grupo 210.png
  artifactKey: Guid(cc06e689341564741bb1eef88a5d4311) Importer(815301076,1909f56bfc062723c751e8b465ee728b)
Start importing Assets/Sprites/LeaderBoard_AME/Grupo 210.png using Guid(cc06e689341564741bb1eef88a5d4311) Importer(815301076,1909f56bfc062723c751e8b465ee728b)  -> (artifact id: '41b82f2609860bfee9c4f661ff965197') in 0.042201 seconds 
========================================================================
Received Import Request.
  Time since last request: 0.003495 seconds.
  path: Assets/Sprites/LeaderBoard_AME/Grupo 236.png
  artifactKey: Guid(81211f0cc5a660742aba668f4747a3e7) Importer(815301076,1909f56bfc062723c751e8b465ee728b)
Start importing Assets/Sprites/LeaderBoard_AME/Grupo 236.png using Guid(81211f0cc5a660742aba668f4747a3e7) Importer(815301076,1909f56bfc062723c751e8b465ee728b)  -> (artifact id: '87d4938e2bf9e60294862d3f31e3f91a') in 0.045674 seconds 
========================================================================
Received Import Request.
  Time since last request: 0.012589 seconds.
  path: Assets/Sprites/LeaderBoard_AME/Grupo 223.png
  artifactKey: Guid(71c1f48181d154c43b50ad69ab62925d) Importer(815301076,1909f56bfc062723c751e8b465ee728b)
Start importing Assets/Sprites/LeaderBoard_AME/Grupo 223.png using Guid(71c1f48181d154c43b50ad69ab62925d) Importer(815301076,1909f56bfc062723c751e8b465ee728b)  -> (artifact id: '7d8d997f2a3864a09793971862c3f4f6') in 0.042159 seconds 
========================================================================
Received Import Request.
  Time since last request: 0.006847 seconds.
  path: Assets/Sprites/LeaderBoard_AME/Grupo 212.png
  artifactKey: Guid(5cd25c648af5a5e45a6592418f394c43) Importer(815301076,1909f56bfc062723c751e8b465ee728b)
Start importing Assets/Sprites/LeaderBoard_AME/Grupo 212.png using Guid(5cd25c648af5a5e45a6592418f394c43) Importer(815301076,1909f56bfc062723c751e8b465ee728b)  -> (artifact id: '643bbadd5958c3692e9d708a7535a9a1') in 0.041214 seconds 
========================================================================
Received Import Request.
  Time since last request: 0.003240 seconds.
  path: Assets/Sprites/LeaderBoard_AME/Grupo 218.png
  artifactKey: Guid(db23741d653dac34e8e1c8e2283a35e7) Importer(815301076,1909f56bfc062723c751e8b465ee728b)
Start importing Assets/Sprites/LeaderBoard_AME/Grupo 218.png using Guid(db23741d653dac34e8e1c8e2283a35e7) Importer(815301076,1909f56bfc062723c751e8b465ee728b)  -> (artifact id: 'f0d4a573d93a89cc7cb43287011eaefb') in 0.045202 seconds 
========================================================================
Received Import Request.
  Time since last request: 0.015979 seconds.
  path: Assets/Sprites/LeaderBoard_AME/Grupo 220.png
  artifactKey: Guid(f3123109ada756741bc14990d1d79456) Importer(815301076,1909f56bfc062723c751e8b465ee728b)
Start importing Assets/Sprites/LeaderBoard_AME/Grupo 220.png using Guid(f3123109ada756741bc14990d1d79456) Importer(815301076,1909f56bfc062723c751e8b465ee728b)  -> (artifact id: '2198b39f6d54b1e745bd0a00db890fb8') in 0.069984 seconds 
========================================================================
Received Import Request.
  Time since last request: 0.004287 seconds.
  path: Assets/Sprites/LeaderBoard_AME/Grupo 227.png
  artifactKey: Guid(a060bb72b593f064caa1e54c3c0fa0dc) Importer(815301076,1909f56bfc062723c751e8b465ee728b)
Start importing Assets/Sprites/LeaderBoard_AME/Grupo 227.png using Guid(a060bb72b593f064caa1e54c3c0fa0dc) Importer(815301076,1909f56bfc062723c751e8b465ee728b)  -> (artifact id: '0b5bbc1890e281154ee5b3ddbefe9c4d') in 0.046468 seconds 
