Using pre-set license
Built from '2021.3/staging' branch; Version is '2021.3.15f1 (e8e88683f834) revision 15263878'; Using compiler version '192829333'; Build Type 'Release'
OS: 'Windows 11  (10.0.22621) 64bit Core' Language: 'en' Physical Memory: 16067 MB
BatchMode: 1, IsHumanControllingUs: 0, StartBugReporterOnCrash: 0, Is64bit: 1, IsPro: 1

COMMAND LINE ARGUMENTS:
C:\Program Files\Unity\Hub\Editor\2021.3.15f1\Editor\Unity.exe
-adb2
-batchMode
-noUpm
-name
AssetImportWorker0
-projectPath
C:/Users/pmiln/Capstone/CapstoneFrozenFrenzy/FrozenFrenzy/Assets
-logFile
Logs/AssetImportWorker0.log
-srvPort
50064
Successfully changed project path to: C:/Users/pmiln/Capstone/CapstoneFrozenFrenzy/FrozenFrenzy/Assets
C:/Users/pmiln/Capstone/CapstoneFrozenFrenzy/FrozenFrenzy/Assets
[UnityMemory] Configuration Parameters - Can be set up in boot.config
    "memorysetup-bucket-allocator-granularity=16"
    "memorysetup-bucket-allocator-bucket-count=8"
    "memorysetup-bucket-allocator-block-size=33554432"
    "memorysetup-bucket-allocator-block-count=8"
    "memorysetup-main-allocator-block-size=16777216"
    "memorysetup-thread-allocator-block-size=16777216"
    "memorysetup-gfx-main-allocator-block-size=16777216"
    "memorysetup-gfx-thread-allocator-block-size=16777216"
    "memorysetup-cache-allocator-block-size=4194304"
    "memorysetup-typetree-allocator-block-size=2097152"
    "memorysetup-profiler-bucket-allocator-granularity=16"
    "memorysetup-profiler-bucket-allocator-bucket-count=8"
    "memorysetup-profiler-bucket-allocator-block-size=33554432"
    "memorysetup-profiler-bucket-allocator-block-count=8"
    "memorysetup-profiler-allocator-block-size=16777216"
    "memorysetup-profiler-editor-allocator-block-size=1048576"
    "memorysetup-temp-allocator-size-main=16777216"
    "memorysetup-job-temp-allocator-block-size=2097152"
    "memorysetup-job-temp-allocator-block-size-background=1048576"
    "memorysetup-job-temp-allocator-reduction-small-platforms=262144"
    "memorysetup-temp-allocator-size-background-worker=32768"
    "memorysetup-temp-allocator-size-job-worker=262144"
    "memorysetup-temp-allocator-size-preload-manager=33554432"
    "memorysetup-temp-allocator-size-nav-mesh-worker=65536"
    "memorysetup-temp-allocator-size-audio-worker=65536"
    "memorysetup-temp-allocator-size-cloud-worker=32768"
    "memorysetup-temp-allocator-size-gi-baking-worker=262144"
    "memorysetup-temp-allocator-size-gfx=262144"
Player connection [53092] Host "[IP] 172.16.42.196 [Port] 0 [Flags] 2 [Guid] 2866795208 [EditorId] 2866795208 [Version] 1048832 [Id] WindowsEditor(7,OptimusPC) [Debug] 1 [PackageName] WindowsEditor [ProjectName] Editor" joined multi-casting on [225.0.0.222:54997]...

Player connection [53092] Host "[IP] 172.16.42.196 [Port] 0 [Flags] 2 [Guid] 2866795208 [EditorId] 2866795208 [Version] 1048832 [Id] WindowsEditor(7,OptimusPC) [Debug] 1 [PackageName] WindowsEditor [ProjectName] Editor" joined alternative multi-casting on [225.0.0.222:34997]...

Refreshing native plugins compatible for Editor in 87.32 ms, found 4 plugins.
Preloading 0 native plugins for Editor in 0.00 ms.
Initialize engine version: 2021.3.15f1 (e8e88683f834)
[Subsystems] Discovering subsystems at path C:/Program Files/Unity/Hub/Editor/2021.3.15f1/Editor/Data/Resources/UnitySubsystems
[Subsystems] Discovering subsystems at path C:/Users/pmiln/Capstone/CapstoneFrozenFrenzy/FrozenFrenzy/Assets/Assets
GfxDevice: creating device client; threaded=0; jobified=0
Direct3D:
    Version:  Direct3D 11.0 [level 11.1]
    Renderer: NVIDIA GeForce RTX 3070 Ti Laptop GPU (ID=0x24a0)
    Vendor:   NVIDIA
    VRAM:     8032 MB
    Driver:   31.0.15.3734
Initialize mono
Mono path[0] = 'C:/Program Files/Unity/Hub/Editor/2021.3.15f1/Editor/Data/Managed'
Mono path[1] = 'C:/Program Files/Unity/Hub/Editor/2021.3.15f1/Editor/Data/MonoBleedingEdge/lib/mono/unityjit-win32'
Mono config path = 'C:/Program Files/Unity/Hub/Editor/2021.3.15f1/Editor/Data/MonoBleedingEdge/etc'
Using monoOptions --debugger-agent=transport=dt_socket,embedding=1,server=y,suspend=n,address=127.0.0.1:56728
Begin MonoManager ReloadAssembly
Registering precompiled unity dll's ...
Register platform support module: C:/Program Files/Unity/Hub/Editor/2021.3.15f1/Editor/Data/PlaybackEngines/AndroidPlayer/UnityEditor.Android.Extensions.dll
Register platform support module: C:/Program Files/Unity/Hub/Editor/2021.3.15f1/Editor/Data/PlaybackEngines/WindowsStandaloneSupport/UnityEditor.WindowsStandalone.Extensions.dll
Registered in 0.003863 seconds.
Native extension for WindowsStandalone target not found
Native extension for Android target not found
Refreshing native plugins compatible for Editor in 77.61 ms, found 4 plugins.
Preloading 0 native plugins for Editor in 0.00 ms.
Mono: successfully reloaded assembly
- Completed reload, in  0.538 seconds
Domain Reload Profiling:
	ReloadAssembly (538ms)
		BeginReloadAssembly (62ms)
			ExecutionOrderSort (0ms)
			DisableScriptedObjects (0ms)
			BackupInstance (0ms)
			ReleaseScriptingObjects (0ms)
			CreateAndSetChildDomain (1ms)
		EndReloadAssembly (392ms)
			LoadAssemblies (60ms)
			RebuildTransferFunctionScriptingTraits (0ms)
			SetupTypeCache (88ms)
			ReleaseScriptCaches (0ms)
			RebuildScriptCaches (23ms)
			SetupLoadedEditorAssemblies (241ms)
				LogAssemblyErrors (0ms)
				InitializePlatformSupportModulesInManaged (45ms)
				SetLoadedEditorAssemblies (0ms)
				RefreshPlugins (78ms)
				BeforeProcessingInitializeOnLoad (2ms)
				ProcessInitializeOnLoadAttributes (80ms)
				ProcessInitializeOnLoadMethodAttributes (36ms)
				AfterProcessingInitializeOnLoad (0ms)
				EditorAssembliesLoaded (0ms)
			ExecutionOrderSort2 (0ms)
			AwakeInstancesAfterBackupRestoration (0ms)
Platform modules already initialized, skipping
Registering precompiled user dll's ...
Registered in 0.004858 seconds.
Begin MonoManager ReloadAssembly
Symbol file LoadedFromMemory doesn't match image C:\Users\pmiln\Capstone\CapstoneFrozenFrenzy\FrozenFrenzy\Assets\Library\PackageCache\com.unity.visualscripting@1.7.8\Editor\VisualScripting.Core\Dependencies\YamlDotNet\Unity.VisualScripting.YamlDotNet.dll
Symbol file LoadedFromMemory doesn't match image C:\Users\pmiln\Capstone\CapstoneFrozenFrenzy\FrozenFrenzy\Assets\Library\PackageCache\com.unity.visualscripting@1.7.8\Editor\VisualScripting.Core\Dependencies\DotNetZip\Unity.VisualScripting.IonicZip.dll
Native extension for WindowsStandalone target not found
Native extension for Android target not found
Refreshing native plugins compatible for Editor in 66.21 ms, found 4 plugins.
Preloading 0 native plugins for Editor in 0.00 ms.
Mono: successfully reloaded assembly
- Completed reload, in  1.090 seconds
Domain Reload Profiling:
	ReloadAssembly (1091ms)
		BeginReloadAssembly (214ms)
			ExecutionOrderSort (0ms)
			DisableScriptedObjects (12ms)
			BackupInstance (0ms)
			ReleaseScriptingObjects (0ms)
			CreateAndSetChildDomain (122ms)
		EndReloadAssembly (763ms)
			LoadAssemblies (81ms)
			RebuildTransferFunctionScriptingTraits (0ms)
			SetupTypeCache (218ms)
			ReleaseScriptCaches (0ms)
			RebuildScriptCaches (49ms)
			SetupLoadedEditorAssemblies (381ms)
				LogAssemblyErrors (0ms)
				InitializePlatformSupportModulesInManaged (9ms)
				SetLoadedEditorAssemblies (0ms)
				RefreshPlugins (66ms)
				BeforeProcessingInitializeOnLoad (75ms)
				ProcessInitializeOnLoadAttributes (190ms)
				ProcessInitializeOnLoadMethodAttributes (35ms)
				AfterProcessingInitializeOnLoad (5ms)
				EditorAssembliesLoaded (0ms)
			ExecutionOrderSort2 (0ms)
			AwakeInstancesAfterBackupRestoration (6ms)
Platform modules already initialized, skipping
========================================================================
Worker process is ready to serve import requests
Launched and connected shader compiler UnityShaderCompiler.exe after 0.05 seconds
Refreshing native plugins compatible for Editor in 0.57 ms, found 4 plugins.
Preloading 0 native plugins for Editor in 0.00 ms.
Unloading 4046 Unused Serialized files (Serialized files now loaded: 0)
Unloading 38 unused Assets / (56.6 KB). Loaded Objects now: 4506.
Memory consumption went from 151.1 MB to 151.0 MB.
Total: 3.116800 ms (FindLiveObjects: 0.216500 ms CreateObjectMapping: 0.115800 ms MarkObjects: 2.704000 ms  DeleteObjects: 0.079100 ms)

AssetImportParameters requested are different than current active one (requested -> active):
  custom:video-decoder-ogg-theora: a1e56fd34408186e4bbccfd4996cb3dc -> 
  custom:container-muxer-webm: aa71ff27fc2769a1b78a27578f13a17b -> 
  custom:container-demuxer-webm: 4f35f7cbe854078d1ac9338744f61a02 -> 
  custom:video-encoder-webm-vp8: eb34c28f22e8b96e1ab97ce403110664 -> 
  custom:video-codec-MediaFoundation-h265: 746d11721c4dcdbdad8f713fa42b33f4 -> 
  custom:audio-encoder-webm-vorbis: bf7c407c2cedff20999df2af8eb42d56 -> 
  custom:framework-win-MediaFoundation: 216162199b28c13a410421893ffa2e32 -> 
  custom:container-demuxer-ogg: 62fdf1f143b41e24485cea50d1cbac27 -> 
  custom:video-decoder-webm-vp8: 9c59270c3fd7afecdb556c50c9e8de78 -> 
  custom:audio-decoder-ogg-vorbis: bf7c407c2cedff20999df2af8eb42d56 -> 
========================================================================
Received Import Request.
  Time since last request: 708486.907473 seconds.
  path: Assets/Sprites/Impact Moose/POW!24.png
  artifactKey: Guid(556d93909a9ffe74494c8b00fdc39e25) Importer(815301076,1909f56bfc062723c751e8b465ee728b)
Start importing Assets/Sprites/Impact Moose/POW!24.png using Guid(556d93909a9ffe74494c8b00fdc39e25) Importer(815301076,1909f56bfc062723c751e8b465ee728b)  -> (artifact id: 'e03b1c236b8b20e845510db60d0568b2') in 0.062250 seconds 
========================================================================
Received Import Request.
  Time since last request: 0.000028 seconds.
  path: Assets/Sprites/Impact Moose/POW!08.png
  artifactKey: Guid(77c7a0e5e6b606d4c9a19c00b7d5c553) Importer(815301076,1909f56bfc062723c751e8b465ee728b)
Start importing Assets/Sprites/Impact Moose/POW!08.png using Guid(77c7a0e5e6b606d4c9a19c00b7d5c553) Importer(815301076,1909f56bfc062723c751e8b465ee728b)  -> (artifact id: '2a75a3f02b7beae03db51d713d913e89') in 0.011742 seconds 
========================================================================
Received Import Request.
  Time since last request: 0.000061 seconds.
  path: Assets/Sprites/Impact Moose/POW!18.png
  artifactKey: Guid(ebfce39043dcccd4286b32eab80da337) Importer(815301076,1909f56bfc062723c751e8b465ee728b)
Start importing Assets/Sprites/Impact Moose/POW!18.png using Guid(ebfce39043dcccd4286b32eab80da337) Importer(815301076,1909f56bfc062723c751e8b465ee728b)  -> (artifact id: '8e9f9e23d2cfd4f834aa1e074b734e15') in 0.009178 seconds 
========================================================================
Received Import Request.
  Time since last request: 0.000027 seconds.
  path: Assets/Sprites/Impact Moose/POW!10.png
  artifactKey: Guid(a443fbbf68daa9c4480effe7d5c17c79) Importer(815301076,1909f56bfc062723c751e8b465ee728b)
Start importing Assets/Sprites/Impact Moose/POW!10.png using Guid(a443fbbf68daa9c4480effe7d5c17c79) Importer(815301076,1909f56bfc062723c751e8b465ee728b)  -> (artifact id: '18a75c69bf3541c4579456cce2236608') in 0.016862 seconds 
========================================================================
Received Import Request.
  Time since last request: 0.000028 seconds.
  path: Assets/Sprites/Impact Moose/POW!21.png
  artifactKey: Guid(1785b3145ae9c2b42a3e07be3d939fe8) Importer(815301076,1909f56bfc062723c751e8b465ee728b)
Start importing Assets/Sprites/Impact Moose/POW!21.png using Guid(1785b3145ae9c2b42a3e07be3d939fe8) Importer(815301076,1909f56bfc062723c751e8b465ee728b)  -> (artifact id: '878211e38593b02e8b247ac62e77a248') in 0.015010 seconds 
========================================================================
Received Import Request.
  Time since last request: 0.000034 seconds.
  path: Assets/Sprites/Impact Moose/POW!19.png
  artifactKey: Guid(d7ea4b7173a7c9a499e3e5945535d9f0) Importer(815301076,1909f56bfc062723c751e8b465ee728b)
Start importing Assets/Sprites/Impact Moose/POW!19.png using Guid(d7ea4b7173a7c9a499e3e5945535d9f0) Importer(815301076,1909f56bfc062723c751e8b465ee728b)  -> (artifact id: 'dc02502c322237e99ef46fbb8cab157d') in 0.014942 seconds 
========================================================================
Received Import Request.
  Time since last request: 0.000032 seconds.
  path: Assets/Sprites/Impact Moose/POW!06.png
  artifactKey: Guid(368090689055c9344b7a8d83368e7d25) Importer(815301076,1909f56bfc062723c751e8b465ee728b)
Start importing Assets/Sprites/Impact Moose/POW!06.png using Guid(368090689055c9344b7a8d83368e7d25) Importer(815301076,1909f56bfc062723c751e8b465ee728b)  -> (artifact id: 'ba4f75b39efd7465f71f24ae6c47a0eb') in 0.017829 seconds 
========================================================================
Received Import Request.
  Time since last request: 0.000032 seconds.
  path: Assets/Sprites/Impact Moose/POW!09.png
  artifactKey: Guid(50e340545321baf4aad511d33cfc09ba) Importer(815301076,1909f56bfc062723c751e8b465ee728b)
Start importing Assets/Sprites/Impact Moose/POW!09.png using Guid(50e340545321baf4aad511d33cfc09ba) Importer(815301076,1909f56bfc062723c751e8b465ee728b)  -> (artifact id: 'acce3460efd8dbbef68d09bd8fd78a3f') in 0.015319 seconds 
========================================================================
Received Import Request.
  Time since last request: 0.000026 seconds.
  path: Assets/Sprites/Impact Moose/POW!00.png
  artifactKey: Guid(8358fb60f19d17e468419c5d6878e137) Importer(815301076,1909f56bfc062723c751e8b465ee728b)
Start importing Assets/Sprites/Impact Moose/POW!00.png using Guid(8358fb60f19d17e468419c5d6878e137) Importer(815301076,1909f56bfc062723c751e8b465ee728b)  -> (artifact id: '3f45184c6e395706696cc2aa6451830a') in 0.010431 seconds 
========================================================================
Received Import Request.
  Time since last request: 28.473933 seconds.
  path: Assets/Sprites/Impact Moose/POW!02.png
  artifactKey: Guid(09ce3dad77b80e148b9ea2c08fcb2088) Importer(815301076,1909f56bfc062723c751e8b465ee728b)
Start importing Assets/Sprites/Impact Moose/POW!02.png using Guid(09ce3dad77b80e148b9ea2c08fcb2088) Importer(815301076,1909f56bfc062723c751e8b465ee728b)  -> (artifact id: '11d600ed20bbd09efcee8361569ee82f') in 0.145623 seconds 
========================================================================
Received Import Request.
  Time since last request: 0.000039 seconds.
  path: Assets/Sprites/Impact Moose/POW!08.png
  artifactKey: Guid(77c7a0e5e6b606d4c9a19c00b7d5c553) Importer(815301076,1909f56bfc062723c751e8b465ee728b)
Start importing Assets/Sprites/Impact Moose/POW!08.png using Guid(77c7a0e5e6b606d4c9a19c00b7d5c553) Importer(815301076,1909f56bfc062723c751e8b465ee728b)  -> (artifact id: 'b694098cc44aeec7596c6b4f1daafc74') in 0.098685 seconds 
========================================================================
Received Import Request.
  Time since last request: 0.000043 seconds.
  path: Assets/Sprites/Impact Moose/POW!19.png
  artifactKey: Guid(d7ea4b7173a7c9a499e3e5945535d9f0) Importer(815301076,1909f56bfc062723c751e8b465ee728b)
Start importing Assets/Sprites/Impact Moose/POW!19.png using Guid(d7ea4b7173a7c9a499e3e5945535d9f0) Importer(815301076,1909f56bfc062723c751e8b465ee728b)  -> (artifact id: '3456fb9f3ef2d071e8a812db9931b702') in 0.090507 seconds 
========================================================================
Received Import Request.
  Time since last request: 0.000026 seconds.
  path: Assets/Sprites/Impact Moose/POW!15.png
  artifactKey: Guid(890fe5b141d0a4245838800700e4266e) Importer(815301076,1909f56bfc062723c751e8b465ee728b)
Start importing Assets/Sprites/Impact Moose/POW!15.png using Guid(890fe5b141d0a4245838800700e4266e) Importer(815301076,1909f56bfc062723c751e8b465ee728b)  -> (artifact id: '2cd98ff7532e0bdbb7b2518915f0453b') in 0.050574 seconds 
Editor requested this worker to shutdown with reason: Scaling down because of idle timeout
AssetImportWorker is now disconnected from the server
Process exiting
Exiting without the bug reporter. Application will terminate with return code 0