Using pre-set license
Built from '2021.3/staging' branch; Version is '2021.3.15f1 (e8e88683f834) revision 15263878'; Using compiler version '192829333'; Build Type 'Release'
OS: 'Windows 11  (10.0.22621) 64bit Core' Language: 'en' Physical Memory: 16067 MB
BatchMode: 1, IsHumanControllingUs: 0, StartBugReporterOnCrash: 0, Is64bit: 1, IsPro: 1

COMMAND LINE ARGUMENTS:
C:\Program Files\Unity\Hub\Editor\2021.3.15f1\Editor\Unity.exe
-adb2
-batchMode
-noUpm
-name
AssetImportWorker1
-projectPath
C:/Users/pmiln/Capstone/CapstoneFrozenFrenzy/FrozenFrenzy/Assets
-logFile
Logs/AssetImportWorker1.log
-srvPort
50064
Successfully changed project path to: C:/Users/pmiln/Capstone/CapstoneFrozenFrenzy/FrozenFrenzy/Assets
C:/Users/pmiln/Capstone/CapstoneFrozenFrenzy/FrozenFrenzy/Assets
[UnityMemory] Configuration Parameters - Can be set up in boot.config
    "memorysetup-bucket-allocator-granularity=16"
    "memorysetup-bucket-allocator-bucket-count=8"
    "memorysetup-bucket-allocator-block-size=33554432"
    "memorysetup-bucket-allocator-block-count=8"
    "memorysetup-main-allocator-block-size=16777216"
    "memorysetup-thread-allocator-block-size=16777216"
    "memorysetup-gfx-main-allocator-block-size=16777216"
    "memorysetup-gfx-thread-allocator-block-size=16777216"
    "memorysetup-cache-allocator-block-size=4194304"
    "memorysetup-typetree-allocator-block-size=2097152"
    "memorysetup-profiler-bucket-allocator-granularity=16"
    "memorysetup-profiler-bucket-allocator-bucket-count=8"
    "memorysetup-profiler-bucket-allocator-block-size=33554432"
    "memorysetup-profiler-bucket-allocator-block-count=8"
    "memorysetup-profiler-allocator-block-size=16777216"
    "memorysetup-profiler-editor-allocator-block-size=1048576"
    "memorysetup-temp-allocator-size-main=16777216"
    "memorysetup-job-temp-allocator-block-size=2097152"
    "memorysetup-job-temp-allocator-block-size-background=1048576"
    "memorysetup-job-temp-allocator-reduction-small-platforms=262144"
    "memorysetup-temp-allocator-size-background-worker=32768"
    "memorysetup-temp-allocator-size-job-worker=262144"
    "memorysetup-temp-allocator-size-preload-manager=33554432"
    "memorysetup-temp-allocator-size-nav-mesh-worker=65536"
    "memorysetup-temp-allocator-size-audio-worker=65536"
    "memorysetup-temp-allocator-size-cloud-worker=32768"
    "memorysetup-temp-allocator-size-gi-baking-worker=262144"
    "memorysetup-temp-allocator-size-gfx=262144"
Player connection [16148] Host "[IP] 172.16.42.196 [Port] 0 [Flags] 2 [Guid] 4240057868 [EditorId] 4240057868 [Version] 1048832 [Id] WindowsEditor(7,OptimusPC) [Debug] 1 [PackageName] WindowsEditor [ProjectName] Editor" joined multi-casting on [225.0.0.222:54997]...

Player connection [16148] Host "[IP] 172.16.42.196 [Port] 0 [Flags] 2 [Guid] 4240057868 [EditorId] 4240057868 [Version] 1048832 [Id] WindowsEditor(7,OptimusPC) [Debug] 1 [PackageName] WindowsEditor [ProjectName] Editor" joined alternative multi-casting on [225.0.0.222:34997]...

Refreshing native plugins compatible for Editor in 84.87 ms, found 4 plugins.
Preloading 0 native plugins for Editor in 0.00 ms.
Initialize engine version: 2021.3.15f1 (e8e88683f834)
[Subsystems] Discovering subsystems at path C:/Program Files/Unity/Hub/Editor/2021.3.15f1/Editor/Data/Resources/UnitySubsystems
[Subsystems] Discovering subsystems at path C:/Users/pmiln/Capstone/CapstoneFrozenFrenzy/FrozenFrenzy/Assets/Assets
GfxDevice: creating device client; threaded=0; jobified=0
Direct3D:
    Version:  Direct3D 11.0 [level 11.1]
    Renderer: NVIDIA GeForce RTX 3070 Ti Laptop GPU (ID=0x24a0)
    Vendor:   NVIDIA
    VRAM:     8032 MB
    Driver:   31.0.15.3734
Initialize mono
Mono path[0] = 'C:/Program Files/Unity/Hub/Editor/2021.3.15f1/Editor/Data/Managed'
Mono path[1] = 'C:/Program Files/Unity/Hub/Editor/2021.3.15f1/Editor/Data/MonoBleedingEdge/lib/mono/unityjit-win32'
Mono config path = 'C:/Program Files/Unity/Hub/Editor/2021.3.15f1/Editor/Data/MonoBleedingEdge/etc'
Using monoOptions --debugger-agent=transport=dt_socket,embedding=1,server=y,suspend=n,address=127.0.0.1:56000
Begin MonoManager ReloadAssembly
Registering precompiled unity dll's ...
Register platform support module: C:/Program Files/Unity/Hub/Editor/2021.3.15f1/Editor/Data/PlaybackEngines/AndroidPlayer/UnityEditor.Android.Extensions.dll
Register platform support module: C:/Program Files/Unity/Hub/Editor/2021.3.15f1/Editor/Data/PlaybackEngines/WindowsStandaloneSupport/UnityEditor.WindowsStandalone.Extensions.dll
Registered in 0.004309 seconds.
Native extension for WindowsStandalone target not found
Native extension for Android target not found
Refreshing native plugins compatible for Editor in 77.79 ms, found 4 plugins.
Preloading 0 native plugins for Editor in 0.00 ms.
Mono: successfully reloaded assembly
- Completed reload, in  0.550 seconds
Domain Reload Profiling:
	ReloadAssembly (551ms)
		BeginReloadAssembly (63ms)
			ExecutionOrderSort (0ms)
			DisableScriptedObjects (0ms)
			BackupInstance (0ms)
			ReleaseScriptingObjects (0ms)
			CreateAndSetChildDomain (1ms)
		EndReloadAssembly (403ms)
			LoadAssemblies (62ms)
			RebuildTransferFunctionScriptingTraits (0ms)
			SetupTypeCache (95ms)
			ReleaseScriptCaches (0ms)
			RebuildScriptCaches (21ms)
			SetupLoadedEditorAssemblies (241ms)
				LogAssemblyErrors (0ms)
				InitializePlatformSupportModulesInManaged (47ms)
				SetLoadedEditorAssemblies (0ms)
				RefreshPlugins (78ms)
				BeforeProcessingInitializeOnLoad (1ms)
				ProcessInitializeOnLoadAttributes (75ms)
				ProcessInitializeOnLoadMethodAttributes (39ms)
				AfterProcessingInitializeOnLoad (0ms)
				EditorAssembliesLoaded (0ms)
			ExecutionOrderSort2 (0ms)
			AwakeInstancesAfterBackupRestoration (0ms)
Platform modules already initialized, skipping
Registering precompiled user dll's ...
Registered in 0.007390 seconds.
Begin MonoManager ReloadAssembly
Symbol file LoadedFromMemory doesn't match image C:\Users\pmiln\Capstone\CapstoneFrozenFrenzy\FrozenFrenzy\Assets\Library\PackageCache\com.unity.visualscripting@1.7.8\Editor\VisualScripting.Core\Dependencies\YamlDotNet\Unity.VisualScripting.YamlDotNet.dll
Symbol file LoadedFromMemory doesn't match image C:\Users\pmiln\Capstone\CapstoneFrozenFrenzy\FrozenFrenzy\Assets\Library\PackageCache\com.unity.visualscripting@1.7.8\Editor\VisualScripting.Core\Dependencies\DotNetZip\Unity.VisualScripting.IonicZip.dll
Native extension for WindowsStandalone target not found
Native extension for Android target not found
Refreshing native plugins compatible for Editor in 65.86 ms, found 4 plugins.
Preloading 0 native plugins for Editor in 0.00 ms.
Mono: successfully reloaded assembly
- Completed reload, in  1.059 seconds
Domain Reload Profiling:
	ReloadAssembly (1060ms)
		BeginReloadAssembly (224ms)
			ExecutionOrderSort (0ms)
			DisableScriptedObjects (10ms)
			BackupInstance (0ms)
			ReleaseScriptingObjects (0ms)
			CreateAndSetChildDomain (133ms)
		EndReloadAssembly (728ms)
			LoadAssemblies (70ms)
			RebuildTransferFunctionScriptingTraits (0ms)
			SetupTypeCache (199ms)
			ReleaseScriptCaches (0ms)
			RebuildScriptCaches (48ms)
			SetupLoadedEditorAssemblies (373ms)
				LogAssemblyErrors (0ms)
				InitializePlatformSupportModulesInManaged (10ms)
				SetLoadedEditorAssemblies (0ms)
				RefreshPlugins (66ms)
				BeforeProcessingInitializeOnLoad (74ms)
				ProcessInitializeOnLoadAttributes (183ms)
				ProcessInitializeOnLoadMethodAttributes (35ms)
				AfterProcessingInitializeOnLoad (4ms)
				EditorAssembliesLoaded (0ms)
			ExecutionOrderSort2 (0ms)
			AwakeInstancesAfterBackupRestoration (5ms)
Platform modules already initialized, skipping
========================================================================
Worker process is ready to serve import requests
Launched and connected shader compiler UnityShaderCompiler.exe after 0.07 seconds
Refreshing native plugins compatible for Editor in 0.52 ms, found 4 plugins.
Preloading 0 native plugins for Editor in 0.00 ms.
Unloading 4046 Unused Serialized files (Serialized files now loaded: 0)
Unloading 38 unused Assets / (56.6 KB). Loaded Objects now: 4506.
Memory consumption went from 151.1 MB to 151.0 MB.
Total: 3.272300 ms (FindLiveObjects: 0.234400 ms CreateObjectMapping: 0.129900 ms MarkObjects: 2.806000 ms  DeleteObjects: 0.100700 ms)

AssetImportParameters requested are different than current active one (requested -> active):
  custom:video-decoder-ogg-theora: a1e56fd34408186e4bbccfd4996cb3dc -> 
  custom:container-muxer-webm: aa71ff27fc2769a1b78a27578f13a17b -> 
  custom:container-demuxer-webm: 4f35f7cbe854078d1ac9338744f61a02 -> 
  custom:video-encoder-webm-vp8: eb34c28f22e8b96e1ab97ce403110664 -> 
  custom:video-codec-MediaFoundation-h265: 746d11721c4dcdbdad8f713fa42b33f4 -> 
  custom:audio-encoder-webm-vorbis: bf7c407c2cedff20999df2af8eb42d56 -> 
  custom:framework-win-MediaFoundation: 216162199b28c13a410421893ffa2e32 -> 
  custom:container-demuxer-ogg: 62fdf1f143b41e24485cea50d1cbac27 -> 
  custom:video-decoder-webm-vp8: 9c59270c3fd7afecdb556c50c9e8de78 -> 
  custom:audio-decoder-ogg-vorbis: bf7c407c2cedff20999df2af8eb42d56 -> 
========================================================================
Received Import Request.
  Time since last request: 708486.898975 seconds.
  path: Assets/Sprites/Impact Moose/POW!17.png
  artifactKey: Guid(68ca5dff22d436944ba7e05f9d6da46d) Importer(815301076,1909f56bfc062723c751e8b465ee728b)
Start importing Assets/Sprites/Impact Moose/POW!17.png using Guid(68ca5dff22d436944ba7e05f9d6da46d) Importer(815301076,1909f56bfc062723c751e8b465ee728b)  -> (artifact id: 'ff6541440193c7dabf6af9fe5cc18f92') in 0.062739 seconds 
========================================================================
Received Import Request.
  Time since last request: 0.000016 seconds.
  path: Assets/Sprites/Impact Moose/POW!14.png
  artifactKey: Guid(0931210fef893714fbd474d913f61364) Importer(815301076,1909f56bfc062723c751e8b465ee728b)
Start importing Assets/Sprites/Impact Moose/POW!14.png using Guid(0931210fef893714fbd474d913f61364) Importer(815301076,1909f56bfc062723c751e8b465ee728b)  -> (artifact id: '6e4d0b3153c3bee97a6e53d873361cf0') in 0.014037 seconds 
========================================================================
Received Import Request.
  Time since last request: 0.000032 seconds.
  path: Assets/Sprites/Impact Moose/POW!01.png
  artifactKey: Guid(d3524ded7c70d104a9c08c851152c0ad) Importer(815301076,1909f56bfc062723c751e8b465ee728b)
Start importing Assets/Sprites/Impact Moose/POW!01.png using Guid(d3524ded7c70d104a9c08c851152c0ad) Importer(815301076,1909f56bfc062723c751e8b465ee728b)  -> (artifact id: '5b5da59b7b001c312e27cb545389294f') in 0.011964 seconds 
========================================================================
Received Import Request.
  Time since last request: 0.000028 seconds.
  path: Assets/Sprites/Impact Moose/POW!05.png
  artifactKey: Guid(bd861ffeaa5ffc94b9162337f554ce93) Importer(815301076,1909f56bfc062723c751e8b465ee728b)
Start importing Assets/Sprites/Impact Moose/POW!05.png using Guid(bd861ffeaa5ffc94b9162337f554ce93) Importer(815301076,1909f56bfc062723c751e8b465ee728b)  -> (artifact id: '537a7d33a88c1a0f59bd58c1df6bec85') in 0.016311 seconds 
========================================================================
Received Import Request.
  Time since last request: 0.000028 seconds.
  path: Assets/Sprites/Impact Moose/POW!26.png
  artifactKey: Guid(65f43d47636d3a04fbfef7be508a6715) Importer(815301076,1909f56bfc062723c751e8b465ee728b)
Start importing Assets/Sprites/Impact Moose/POW!26.png using Guid(65f43d47636d3a04fbfef7be508a6715) Importer(815301076,1909f56bfc062723c751e8b465ee728b)  -> (artifact id: 'b0586e2ba17db2c34b03e9ec0e25a88b') in 0.017166 seconds 
========================================================================
Received Import Request.
  Time since last request: 0.000036 seconds.
  path: Assets/Sprites/Impact Moose/POW!23.png
  artifactKey: Guid(6d5b3f79ab31ab24a8b6e6ad1c6f9cdc) Importer(815301076,1909f56bfc062723c751e8b465ee728b)
Start importing Assets/Sprites/Impact Moose/POW!23.png using Guid(6d5b3f79ab31ab24a8b6e6ad1c6f9cdc) Importer(815301076,1909f56bfc062723c751e8b465ee728b)  -> (artifact id: 'b83d9403e9f0bf2cdb4ef13cb888e709') in 0.014108 seconds 
========================================================================
Received Import Request.
  Time since last request: 0.000044 seconds.
  path: Assets/Sprites/Impact Moose/POW!13.png
  artifactKey: Guid(1fe4759f35614ef419d910604305953e) Importer(815301076,1909f56bfc062723c751e8b465ee728b)
Start importing Assets/Sprites/Impact Moose/POW!13.png using Guid(1fe4759f35614ef419d910604305953e) Importer(815301076,1909f56bfc062723c751e8b465ee728b)  -> (artifact id: '94d4fefe518999fa817c3facaeaa6eb1') in 0.015085 seconds 
========================================================================
Received Import Request.
  Time since last request: 0.000044 seconds.
  path: Assets/Sprites/Impact Moose/POW!20.png
  artifactKey: Guid(833e8f707e736ea4289a4626546db482) Importer(815301076,1909f56bfc062723c751e8b465ee728b)
Start importing Assets/Sprites/Impact Moose/POW!20.png using Guid(833e8f707e736ea4289a4626546db482) Importer(815301076,1909f56bfc062723c751e8b465ee728b)  -> (artifact id: '364c7e1c9db703702bc8ea9946e620b8') in 0.019567 seconds 
========================================================================
Received Import Request.
  Time since last request: 0.000031 seconds.
  path: Assets/Sprites/Impact Moose/POW!03.png
  artifactKey: Guid(5da66fc1554039f439175f274e6c50fa) Importer(815301076,1909f56bfc062723c751e8b465ee728b)
Start importing Assets/Sprites/Impact Moose/POW!03.png using Guid(5da66fc1554039f439175f274e6c50fa) Importer(815301076,1909f56bfc062723c751e8b465ee728b)  -> (artifact id: '0f23477835d2b0d517762f587695efdd') in 0.013834 seconds 
========================================================================
Received Import Request.
  Time since last request: 28.468301 seconds.
  path: Assets/Sprites/Impact Moose/POW!03.png
  artifactKey: Guid(5da66fc1554039f439175f274e6c50fa) Importer(815301076,1909f56bfc062723c751e8b465ee728b)
Start importing Assets/Sprites/Impact Moose/POW!03.png using Guid(5da66fc1554039f439175f274e6c50fa) Importer(815301076,1909f56bfc062723c751e8b465ee728b)  -> (artifact id: 'beb7e59de26ac6178b45698883930474') in 0.145121 seconds 
========================================================================
Received Import Request.
  Time since last request: 0.000037 seconds.
  path: Assets/Sprites/Impact Moose/POW!18.png
  artifactKey: Guid(ebfce39043dcccd4286b32eab80da337) Importer(815301076,1909f56bfc062723c751e8b465ee728b)
Start importing Assets/Sprites/Impact Moose/POW!18.png using Guid(ebfce39043dcccd4286b32eab80da337) Importer(815301076,1909f56bfc062723c751e8b465ee728b)  -> (artifact id: '0df1f1f177c7bcb3350b49331a668f8a') in 0.092549 seconds 
========================================================================
Received Import Request.
  Time since last request: 0.000052 seconds.
  path: Assets/Sprites/Impact Moose/POW!21.png
  artifactKey: Guid(1785b3145ae9c2b42a3e07be3d939fe8) Importer(815301076,1909f56bfc062723c751e8b465ee728b)
Start importing Assets/Sprites/Impact Moose/POW!21.png using Guid(1785b3145ae9c2b42a3e07be3d939fe8) Importer(815301076,1909f56bfc062723c751e8b465ee728b)  -> (artifact id: '93aed9d4d17de3c4791bed3baf8a4a08') in 0.094082 seconds 
========================================================================
Received Import Request.
  Time since last request: 0.000024 seconds.
  path: Assets/Sprites/Impact Moose/POW!11.png
  artifactKey: Guid(9f2fa9c27f1fb3b41a4207c4851373ff) Importer(815301076,1909f56bfc062723c751e8b465ee728b)
Start importing Assets/Sprites/Impact Moose/POW!11.png using Guid(9f2fa9c27f1fb3b41a4207c4851373ff) Importer(815301076,1909f56bfc062723c751e8b465ee728b)  -> (artifact id: '4ab4fa30f5e7d832103691e5f1e1768b') in 0.048269 seconds 
========================================================================
Received Import Request.
  Time since last request: 0.000021 seconds.
  path: Assets/Sprites/Impact Moose/POW!25.png
  artifactKey: Guid(fd9b0383dee55574c8d80d34cea4c265) Importer(815301076,1909f56bfc062723c751e8b465ee728b)
Start importing Assets/Sprites/Impact Moose/POW!25.png using Guid(fd9b0383dee55574c8d80d34cea4c265) Importer(815301076,1909f56bfc062723c751e8b465ee728b)  -> (artifact id: '07db97fd0027855a5af14ba37cc149ec') in 0.041805 seconds 
Editor requested this worker to shutdown with reason: Scaling down because of idle timeout
AssetImportWorker is now disconnected from the server
Process exiting
Exiting without the bug reporter. Application will terminate with return code 0