Using pre-set license
Built from '2021.3/staging' branch; Version is '2021.3.15f1 (e8e88683f834) revision 15263878'; Using compiler version '192829333'; Build Type 'Release'
OS: 'Windows 11  (10.0.22621) 64bit Core' Language: 'en' Physical Memory: 16067 MB
BatchMode: 1, IsHumanControllingUs: 0, StartBugReporterOnCrash: 0, Is64bit: 1, IsPro: 1

COMMAND LINE ARGUMENTS:
C:\Program Files\Unity\Hub\Editor\2021.3.15f1\Editor\Unity.exe
-adb2
-batchMode
-noUpm
-name
AssetImportWorker2
-projectPath
C:/Users/pmiln/Capstone/CapstoneFrozenFrenzy/FrozenFrenzy/Assets
-logFile
Logs/AssetImportWorker2.log
-srvPort
50064
Successfully changed project path to: C:/Users/pmiln/Capstone/CapstoneFrozenFrenzy/FrozenFrenzy/Assets
C:/Users/pmiln/Capstone/CapstoneFrozenFrenzy/FrozenFrenzy/Assets
[UnityMemory] Configuration Parameters - Can be set up in boot.config
    "memorysetup-bucket-allocator-granularity=16"
    "memorysetup-bucket-allocator-bucket-count=8"
    "memorysetup-bucket-allocator-block-size=33554432"
    "memorysetup-bucket-allocator-block-count=8"
    "memorysetup-main-allocator-block-size=16777216"
    "memorysetup-thread-allocator-block-size=16777216"
    "memorysetup-gfx-main-allocator-block-size=16777216"
    "memorysetup-gfx-thread-allocator-block-size=16777216"
    "memorysetup-cache-allocator-block-size=4194304"
    "memorysetup-typetree-allocator-block-size=2097152"
    "memorysetup-profiler-bucket-allocator-granularity=16"
    "memorysetup-profiler-bucket-allocator-bucket-count=8"
    "memorysetup-profiler-bucket-allocator-block-size=33554432"
    "memorysetup-profiler-bucket-allocator-block-count=8"
    "memorysetup-profiler-allocator-block-size=16777216"
    "memorysetup-profiler-editor-allocator-block-size=1048576"
    "memorysetup-temp-allocator-size-main=16777216"
    "memorysetup-job-temp-allocator-block-size=2097152"
    "memorysetup-job-temp-allocator-block-size-background=1048576"
    "memorysetup-job-temp-allocator-reduction-small-platforms=262144"
    "memorysetup-temp-allocator-size-background-worker=32768"
    "memorysetup-temp-allocator-size-job-worker=262144"
    "memorysetup-temp-allocator-size-preload-manager=33554432"
    "memorysetup-temp-allocator-size-nav-mesh-worker=65536"
    "memorysetup-temp-allocator-size-audio-worker=65536"
    "memorysetup-temp-allocator-size-cloud-worker=32768"
    "memorysetup-temp-allocator-size-gi-baking-worker=262144"
    "memorysetup-temp-allocator-size-gfx=262144"
Player connection [48852] Host "[IP] 172.16.42.196 [Port] 0 [Flags] 2 [Guid] 3363468567 [EditorId] 3363468567 [Version] 1048832 [Id] WindowsEditor(7,OptimusPC) [Debug] 1 [PackageName] WindowsEditor [ProjectName] Editor" joined multi-casting on [225.0.0.222:54997]...

Player connection [48852] Host "[IP] 172.16.42.196 [Port] 0 [Flags] 2 [Guid] 3363468567 [EditorId] 3363468567 [Version] 1048832 [Id] WindowsEditor(7,OptimusPC) [Debug] 1 [PackageName] WindowsEditor [ProjectName] Editor" joined alternative multi-casting on [225.0.0.222:34997]...

Refreshing native plugins compatible for Editor in 76.45 ms, found 4 plugins.
Preloading 0 native plugins for Editor in 0.00 ms.
Initialize engine version: 2021.3.15f1 (e8e88683f834)
[Subsystems] Discovering subsystems at path C:/Program Files/Unity/Hub/Editor/2021.3.15f1/Editor/Data/Resources/UnitySubsystems
[Subsystems] Discovering subsystems at path C:/Users/pmiln/Capstone/CapstoneFrozenFrenzy/FrozenFrenzy/Assets/Assets
GfxDevice: creating device client; threaded=0; jobified=0
Direct3D:
    Version:  Direct3D 11.0 [level 11.1]
    Renderer: NVIDIA GeForce RTX 3070 Ti Laptop GPU (ID=0x24a0)
    Vendor:   NVIDIA
    VRAM:     8032 MB
    Driver:   31.0.15.3734
Initialize mono
Mono path[0] = 'C:/Program Files/Unity/Hub/Editor/2021.3.15f1/Editor/Data/Managed'
Mono path[1] = 'C:/Program Files/Unity/Hub/Editor/2021.3.15f1/Editor/Data/MonoBleedingEdge/lib/mono/unityjit-win32'
Mono config path = 'C:/Program Files/Unity/Hub/Editor/2021.3.15f1/Editor/Data/MonoBleedingEdge/etc'
Using monoOptions --debugger-agent=transport=dt_socket,embedding=1,server=y,suspend=n,address=127.0.0.1:56008
Begin MonoManager ReloadAssembly
Registering precompiled unity dll's ...
Register platform support module: C:/Program Files/Unity/Hub/Editor/2021.3.15f1/Editor/Data/PlaybackEngines/AndroidPlayer/UnityEditor.Android.Extensions.dll
Register platform support module: C:/Program Files/Unity/Hub/Editor/2021.3.15f1/Editor/Data/PlaybackEngines/WindowsStandaloneSupport/UnityEditor.WindowsStandalone.Extensions.dll
Registered in 0.003586 seconds.
Native extension for WindowsStandalone target not found
Native extension for Android target not found
Refreshing native plugins compatible for Editor in 70.60 ms, found 4 plugins.
Preloading 0 native plugins for Editor in 0.00 ms.
Mono: successfully reloaded assembly
- Completed reload, in  0.552 seconds
Domain Reload Profiling:
	ReloadAssembly (552ms)
		BeginReloadAssembly (58ms)
			ExecutionOrderSort (0ms)
			DisableScriptedObjects (0ms)
			BackupInstance (0ms)
			ReleaseScriptingObjects (0ms)
			CreateAndSetChildDomain (1ms)
		EndReloadAssembly (405ms)
			LoadAssemblies (57ms)
			RebuildTransferFunctionScriptingTraits (0ms)
			SetupTypeCache (86ms)
			ReleaseScriptCaches (0ms)
			RebuildScriptCaches (27ms)
			SetupLoadedEditorAssemblies (248ms)
				LogAssemblyErrors (0ms)
				InitializePlatformSupportModulesInManaged (51ms)
				SetLoadedEditorAssemblies (0ms)
				RefreshPlugins (71ms)
				BeforeProcessingInitializeOnLoad (1ms)
				ProcessInitializeOnLoadAttributes (82ms)
				ProcessInitializeOnLoadMethodAttributes (43ms)
				AfterProcessingInitializeOnLoad (0ms)
				EditorAssembliesLoaded (0ms)
			ExecutionOrderSort2 (0ms)
			AwakeInstancesAfterBackupRestoration (0ms)
Platform modules already initialized, skipping
Registering precompiled user dll's ...
Registered in 0.005549 seconds.
Begin MonoManager ReloadAssembly
Symbol file LoadedFromMemory doesn't match image C:\Users\pmiln\Capstone\CapstoneFrozenFrenzy\FrozenFrenzy\Assets\Library\PackageCache\com.unity.visualscripting@1.7.8\Editor\VisualScripting.Core\Dependencies\YamlDotNet\Unity.VisualScripting.YamlDotNet.dll
Symbol file LoadedFromMemory doesn't match image C:\Users\pmiln\Capstone\CapstoneFrozenFrenzy\FrozenFrenzy\Assets\Library\PackageCache\com.unity.visualscripting@1.7.8\Editor\VisualScripting.Core\Dependencies\DotNetZip\Unity.VisualScripting.IonicZip.dll
Native extension for WindowsStandalone target not found
Native extension for Android target not found
Refreshing native plugins compatible for Editor in 69.48 ms, found 4 plugins.
Preloading 0 native plugins for Editor in 0.00 ms.
Mono: successfully reloaded assembly
- Completed reload, in  1.051 seconds
Domain Reload Profiling:
	ReloadAssembly (1052ms)
		BeginReloadAssembly (211ms)
			ExecutionOrderSort (0ms)
			DisableScriptedObjects (4ms)
			BackupInstance (0ms)
			ReleaseScriptingObjects (0ms)
			CreateAndSetChildDomain (129ms)
		EndReloadAssembly (730ms)
			LoadAssemblies (79ms)
			RebuildTransferFunctionScriptingTraits (0ms)
			SetupTypeCache (212ms)
			ReleaseScriptCaches (0ms)
			RebuildScriptCaches (40ms)
			SetupLoadedEditorAssemblies (378ms)
				LogAssemblyErrors (0ms)
				InitializePlatformSupportModulesInManaged (10ms)
				SetLoadedEditorAssemblies (0ms)
				RefreshPlugins (70ms)
				BeforeProcessingInitializeOnLoad (72ms)
				ProcessInitializeOnLoadAttributes (189ms)
				ProcessInitializeOnLoadMethodAttributes (34ms)
				AfterProcessingInitializeOnLoad (4ms)
				EditorAssembliesLoaded (0ms)
			ExecutionOrderSort2 (0ms)
			AwakeInstancesAfterBackupRestoration (6ms)
Platform modules already initialized, skipping
========================================================================
Worker process is ready to serve import requests
Launched and connected shader compiler UnityShaderCompiler.exe after 0.05 seconds
Refreshing native plugins compatible for Editor in 0.53 ms, found 4 plugins.
Preloading 0 native plugins for Editor in 0.00 ms.
Unloading 4046 Unused Serialized files (Serialized files now loaded: 0)
Unloading 38 unused Assets / (56.6 KB). Loaded Objects now: 4506.
Memory consumption went from 151.1 MB to 151.0 MB.
Total: 5.541100 ms (FindLiveObjects: 0.389600 ms CreateObjectMapping: 0.114100 ms MarkObjects: 4.911400 ms  DeleteObjects: 0.124400 ms)

AssetImportParameters requested are different than current active one (requested -> active):
  custom:video-decoder-ogg-theora: a1e56fd34408186e4bbccfd4996cb3dc -> 
  custom:container-muxer-webm: aa71ff27fc2769a1b78a27578f13a17b -> 
  custom:container-demuxer-webm: 4f35f7cbe854078d1ac9338744f61a02 -> 
  custom:video-encoder-webm-vp8: eb34c28f22e8b96e1ab97ce403110664 -> 
  custom:video-codec-MediaFoundation-h265: 746d11721c4dcdbdad8f713fa42b33f4 -> 
  custom:audio-encoder-webm-vorbis: bf7c407c2cedff20999df2af8eb42d56 -> 
  custom:framework-win-MediaFoundation: 216162199b28c13a410421893ffa2e32 -> 
  custom:container-demuxer-ogg: 62fdf1f143b41e24485cea50d1cbac27 -> 
  custom:video-decoder-webm-vp8: 9c59270c3fd7afecdb556c50c9e8de78 -> 
  custom:audio-decoder-ogg-vorbis: bf7c407c2cedff20999df2af8eb42d56 -> 
========================================================================
Received Import Request.
  Time since last request: 708486.987933 seconds.
  path: Assets/Sprites/Impact Moose/POW!04.png
  artifactKey: Guid(2e317666e6ec31d40beb39ccaea5a6a8) Importer(815301076,1909f56bfc062723c751e8b465ee728b)
Start importing Assets/Sprites/Impact Moose/POW!04.png using Guid(2e317666e6ec31d40beb39ccaea5a6a8) Importer(815301076,1909f56bfc062723c751e8b465ee728b)  -> (artifact id: 'fa0cb6941d731c5cec3dbb526aff6409') in 0.099525 seconds 
========================================================================
Received Import Request.
  Time since last request: 0.000023 seconds.
  path: Assets/Sprites/Impact Moose/POW!16.png
  artifactKey: Guid(ef6590534faa483429774bc6320170f6) Importer(815301076,1909f56bfc062723c751e8b465ee728b)
Start importing Assets/Sprites/Impact Moose/POW!16.png using Guid(ef6590534faa483429774bc6320170f6) Importer(815301076,1909f56bfc062723c751e8b465ee728b)  -> (artifact id: '0f8e566d84bdd307b27cad17e1ab972d') in 0.011947 seconds 
========================================================================
Received Import Request.
  Time since last request: 0.000035 seconds.
  path: Assets/Sprites/Impact Moose/POW!25.png
  artifactKey: Guid(fd9b0383dee55574c8d80d34cea4c265) Importer(815301076,1909f56bfc062723c751e8b465ee728b)
Start importing Assets/Sprites/Impact Moose/POW!25.png using Guid(fd9b0383dee55574c8d80d34cea4c265) Importer(815301076,1909f56bfc062723c751e8b465ee728b)  -> (artifact id: '2b41f821edce0ba6d8f9d7f45dfff5f6') in 0.008830 seconds 
========================================================================
Received Import Request.
  Time since last request: 28.484296 seconds.
  path: Assets/Sprites/Impact Moose/POW!01.png
  artifactKey: Guid(d3524ded7c70d104a9c08c851152c0ad) Importer(815301076,1909f56bfc062723c751e8b465ee728b)
Start importing Assets/Sprites/Impact Moose/POW!01.png using Guid(d3524ded7c70d104a9c08c851152c0ad) Importer(815301076,1909f56bfc062723c751e8b465ee728b)  -> (artifact id: '650eaf0e26579e0aacf1667870f86547') in 0.097105 seconds 
========================================================================
Received Import Request.
  Time since last request: 0.000044 seconds.
  path: Assets/Sprites/Impact Moose/POW!24.png
  artifactKey: Guid(556d93909a9ffe74494c8b00fdc39e25) Importer(815301076,1909f56bfc062723c751e8b465ee728b)
Start importing Assets/Sprites/Impact Moose/POW!24.png using Guid(556d93909a9ffe74494c8b00fdc39e25) Importer(815301076,1909f56bfc062723c751e8b465ee728b)  -> (artifact id: 'd883c469c990979520e669fa044eaac0') in 0.062853 seconds 
========================================================================
Received Import Request.
  Time since last request: 0.000053 seconds.
  path: Assets/Sprites/Impact Moose/POW!05.png
  artifactKey: Guid(bd861ffeaa5ffc94b9162337f554ce93) Importer(815301076,1909f56bfc062723c751e8b465ee728b)
Start importing Assets/Sprites/Impact Moose/POW!05.png using Guid(bd861ffeaa5ffc94b9162337f554ce93) Importer(815301076,1909f56bfc062723c751e8b465ee728b)  -> (artifact id: '465089f114b457069a1748ef59a82515') in 0.085525 seconds 
========================================================================
Received Import Request.
  Time since last request: 0.000039 seconds.
  path: Assets/Sprites/Impact Moose/POW!23.png
  artifactKey: Guid(6d5b3f79ab31ab24a8b6e6ad1c6f9cdc) Importer(815301076,1909f56bfc062723c751e8b465ee728b)
Start importing Assets/Sprites/Impact Moose/POW!23.png using Guid(6d5b3f79ab31ab24a8b6e6ad1c6f9cdc) Importer(815301076,1909f56bfc062723c751e8b465ee728b)  -> (artifact id: 'c272edc1252f6f57b6faca00a38cb1fa') in 0.080773 seconds 
========================================================================
Received Import Request.
  Time since last request: 0.000024 seconds.
  path: Assets/Sprites/Impact Moose/POW!13.png
  artifactKey: Guid(1fe4759f35614ef419d910604305953e) Importer(815301076,1909f56bfc062723c751e8b465ee728b)
Start importing Assets/Sprites/Impact Moose/POW!13.png using Guid(1fe4759f35614ef419d910604305953e) Importer(815301076,1909f56bfc062723c751e8b465ee728b)  -> (artifact id: '53337aa6587ee4e7ad8434632b8742ef') in 0.049421 seconds 
========================================================================
Received Import Request.
  Time since last request: 0.000024 seconds.
  path: Assets/Sprites/Impact Moose/POW!09.png
  artifactKey: Guid(50e340545321baf4aad511d33cfc09ba) Importer(815301076,1909f56bfc062723c751e8b465ee728b)
Start importing Assets/Sprites/Impact Moose/POW!09.png using Guid(50e340545321baf4aad511d33cfc09ba) Importer(815301076,1909f56bfc062723c751e8b465ee728b)  -> (artifact id: 'a29319f064eee472e35a50e05ce669f4') in 0.045130 seconds 
========================================================================
Received Import Request.
  Time since last request: 249.279355 seconds.
  path: Assets/Sprites/Impact Moose/POW!01.png
  artifactKey: Guid(d3524ded7c70d104a9c08c851152c0ad) Importer(815301076,1909f56bfc062723c751e8b465ee728b)
Start importing Assets/Sprites/Impact Moose/POW!01.png using Guid(d3524ded7c70d104a9c08c851152c0ad) Importer(815301076,1909f56bfc062723c751e8b465ee728b)  -> (artifact id: '8dddd9b9c8390986f1317fef4e487dfc') in 0.064681 seconds 
========================================================================
Received Import Request.
  Time since last request: 0.000035 seconds.
  path: Assets/Sprites/Impact Moose/POW!24.png
  artifactKey: Guid(556d93909a9ffe74494c8b00fdc39e25) Importer(815301076,1909f56bfc062723c751e8b465ee728b)
Start importing Assets/Sprites/Impact Moose/POW!24.png using Guid(556d93909a9ffe74494c8b00fdc39e25) Importer(815301076,1909f56bfc062723c751e8b465ee728b)  -> (artifact id: 'ef741452fb51a78caf5f91af642d6b30') in 0.067145 seconds 
========================================================================
Received Import Request.
  Time since last request: 0.000053 seconds.
  path: Assets/Sprites/Impact Moose/POW!22.png
  artifactKey: Guid(41e1fd924b6551b4792ced77b241a55b) Importer(815301076,1909f56bfc062723c751e8b465ee728b)
Start importing Assets/Sprites/Impact Moose/POW!22.png using Guid(41e1fd924b6551b4792ced77b241a55b) Importer(815301076,1909f56bfc062723c751e8b465ee728b)  -> (artifact id: '48923d3a495d7ce731910704ce8db846') in 0.060775 seconds 
========================================================================
Received Import Request.
  Time since last request: 0.000042 seconds.
  path: Assets/Sprites/Impact Moose/POW!08.png
  artifactKey: Guid(77c7a0e5e6b606d4c9a19c00b7d5c553) Importer(815301076,1909f56bfc062723c751e8b465ee728b)
Start importing Assets/Sprites/Impact Moose/POW!08.png using Guid(77c7a0e5e6b606d4c9a19c00b7d5c553) Importer(815301076,1909f56bfc062723c751e8b465ee728b)  -> (artifact id: '2982a2226ac1530a8c122f07754524d9') in 0.058989 seconds 
========================================================================
Received Import Request.
  Time since last request: 0.000045 seconds.
  path: Assets/Sprites/Impact Moose/POW!18.png
  artifactKey: Guid(ebfce39043dcccd4286b32eab80da337) Importer(815301076,1909f56bfc062723c751e8b465ee728b)
Start importing Assets/Sprites/Impact Moose/POW!18.png using Guid(ebfce39043dcccd4286b32eab80da337) Importer(815301076,1909f56bfc062723c751e8b465ee728b)  -> (artifact id: '82af93123de07517adf999bd50e42705') in 0.059741 seconds 
========================================================================
Received Import Request.
  Time since last request: 0.000031 seconds.
  path: Assets/Sprites/Impact Moose/POW!10.png
  artifactKey: Guid(a443fbbf68daa9c4480effe7d5c17c79) Importer(815301076,1909f56bfc062723c751e8b465ee728b)
Start importing Assets/Sprites/Impact Moose/POW!10.png using Guid(a443fbbf68daa9c4480effe7d5c17c79) Importer(815301076,1909f56bfc062723c751e8b465ee728b)  -> (artifact id: '5799a3972a547b5409cdfdeecbe534de') in 0.053018 seconds 
========================================================================
Received Import Request.
  Time since last request: 0.000019 seconds.
  path: Assets/Sprites/Impact Moose/POW!19.png
  artifactKey: Guid(d7ea4b7173a7c9a499e3e5945535d9f0) Importer(815301076,1909f56bfc062723c751e8b465ee728b)
Start importing Assets/Sprites/Impact Moose/POW!19.png using Guid(d7ea4b7173a7c9a499e3e5945535d9f0) Importer(815301076,1909f56bfc062723c751e8b465ee728b)  -> (artifact id: 'ec5e8a3f487ba51a6fd7d713b0a8a0ba') in 0.049792 seconds 
========================================================================
Received Import Request.
  Time since last request: 0.000022 seconds.
  path: Assets/Sprites/Impact Moose/POW!07.png
  artifactKey: Guid(2a0529cdbd02a1045aa6673258c9be56) Importer(815301076,1909f56bfc062723c751e8b465ee728b)
Start importing Assets/Sprites/Impact Moose/POW!07.png using Guid(2a0529cdbd02a1045aa6673258c9be56) Importer(815301076,1909f56bfc062723c751e8b465ee728b)  -> (artifact id: '43b94e09135aef2b955aa89ebf8eebeb') in 0.055748 seconds 
========================================================================
Received Import Request.
  Time since last request: 0.000036 seconds.
  path: Assets/Sprites/Impact Moose/POW!13.png
  artifactKey: Guid(1fe4759f35614ef419d910604305953e) Importer(815301076,1909f56bfc062723c751e8b465ee728b)
Start importing Assets/Sprites/Impact Moose/POW!13.png using Guid(1fe4759f35614ef419d910604305953e) Importer(815301076,1909f56bfc062723c751e8b465ee728b)  -> (artifact id: '173d6213aa77dd0cd467401a8e2ac617') in 0.045578 seconds 
========================================================================
Received Import Request.
  Time since last request: 0.000051 seconds.
  path: Assets/Sprites/Impact Moose/POW!15.png
  artifactKey: Guid(890fe5b141d0a4245838800700e4266e) Importer(815301076,1909f56bfc062723c751e8b465ee728b)
Start importing Assets/Sprites/Impact Moose/POW!15.png using Guid(890fe5b141d0a4245838800700e4266e) Importer(815301076,1909f56bfc062723c751e8b465ee728b)  -> (artifact id: '8e1768453383d0fbbfada8b1f28b33e1') in 0.049920 seconds 
========================================================================
Received Import Request.
  Time since last request: 0.000062 seconds.
  path: Assets/Sprites/Impact Moose/POW!20.png
  artifactKey: Guid(833e8f707e736ea4289a4626546db482) Importer(815301076,1909f56bfc062723c751e8b465ee728b)
Start importing Assets/Sprites/Impact Moose/POW!20.png using Guid(833e8f707e736ea4289a4626546db482) Importer(815301076,1909f56bfc062723c751e8b465ee728b)  -> (artifact id: 'bc224f16b324b044273d230ac2b93bb0') in 0.042628 seconds 
========================================================================
Received Import Request.
  Time since last request: 0.000019 seconds.
  path: Assets/Sprites/Impact Moose/POW!02.png
  artifactKey: Guid(09ce3dad77b80e148b9ea2c08fcb2088) Importer(815301076,1909f56bfc062723c751e8b465ee728b)
Start importing Assets/Sprites/Impact Moose/POW!02.png using Guid(09ce3dad77b80e148b9ea2c08fcb2088) Importer(815301076,1909f56bfc062723c751e8b465ee728b)  -> (artifact id: '60c001ec9238a447eac535e7a1ee3508') in 0.040967 seconds 
========================================================================
Received Import Request.
  Time since last request: 0.000068 seconds.
  path: Assets/Sprites/Impact Moose/POW!12.png
  artifactKey: Guid(8913407af9c6ece4686458a0167a6889) Importer(815301076,1909f56bfc062723c751e8b465ee728b)
Start importing Assets/Sprites/Impact Moose/POW!12.png using Guid(8913407af9c6ece4686458a0167a6889) Importer(815301076,1909f56bfc062723c751e8b465ee728b)  -> (artifact id: 'ea597253e7c2a64e6f1546bd931d1b22') in 0.044375 seconds 
Editor requested this worker to shutdown with reason: Scaling down because of idle timeout
AssetImportWorkerClient::OnTransportError - code=2 error=End of file
AssetImportWorker is now disconnected from the server
Process exiting
Exiting without the bug reporter. Application will terminate with return code 0